{"total": {"lines":{"total":1156,"covered":1125,"skipped":0,"pct":97.31},"statements":{"total":1304,"covered":1259,"skipped":0,"pct":96.54},"functions":{"total":501,"covered":484,"skipped":0,"pct":96.6},"branches":{"total":820,"covered":727,"skipped":0,"pct":88.65},"branchesTrue":{"total":0,"covered":0,"skipped":0,"pct":100}}
,"/private/tmp/claude-501/-Users-shaynemcpherson-Documents-UMGC-Fall26-SWEN-661-careconnect-adhd/1c519202-31bb-426c-a7c7-68253f5ccc95/scratchpad/wt-int/apps/react-mobile/src/test-utils.tsx": {"lines":{"total":2,"covered":2,"skipped":0,"pct":100},"functions":{"total":1,"covered":1,"skipped":0,"pct":100},"statements":{"total":2,"covered":2,"skipped":0,"pct":100},"branches":{"total":0,"covered":0,"skipped":0,"pct":100}}
,"/private/tmp/claude-501/-Users-shaynemcpherson-Documents-UMGC-Fall26-SWEN-661-careconnect-adhd/1c519202-31bb-426c-a7c7-68253f5ccc95/scratchpad/wt-int/apps/react-mobile/src/core/components/AlertCard.tsx": {"lines":{"total":4,"covered":4,"skipped":0,"pct":100},"functions":{"total":2,"covered":2,"skipped":0,"pct":100},"statements":{"total":4,"covered":4,"skipped":0,"pct":100},"branches":{"total":8,"covered":4,"skipped":0,"pct":50}}
,"/private/tmp/claude-501/-Users-shaynemcpherson-Documents-UMGC-Fall26-SWEN-661-careconnect-adhd/1c519202-31bb-426c-a7c7-68253f5ccc95/scratchpad/wt-int/apps/react-mobile/src/core/components/AutosaveIndicator.tsx": {"lines":{"total":8,"covered":8,"skipped":0,"pct":100},"functions":{"total":1,"covered":1,"skipped":0,"pct":100},"statements":{"total":8,"covered":8,"skipped":0,"pct":100},"branches":{"total":8,"covered":8,"skipped":0,"pct":100}}
,"/private/tmp/claude-501/-Users-shaynemcpherson-Documents-UMGC-Fall26-SWEN-661-careconnect-adhd/1c519202-31bb-426c-a7c7-68253f5ccc95/scratchpad/wt-int/apps/react-mobile/src/core/components/CallContactButton.tsx": {"lines":{"total":12,"covered":6,"skipped":0,"pct":50},"functions":{"total":7,"covered":1,"skipped":0,"pct":14.28},"statements":{"total":12,"covered":6,"skipped":0,"pct":50},"branches":{"total":0,"covered":0,"skipped":0,"pct":100}}
,"/private/tmp/claude-501/-Users-shaynemcpherson-Documents-UMGC-Fall26-SWEN-661-careconnect-adhd/1c519202-31bb-426c-a7c7-68253f5ccc95/scratchpad/wt-int/apps/react-mobile/src/core/components/CcAppBar.tsx": {"lines":{"total":4,"covered":4,"skipped":0,"pct":100},"functions":{"total":1,"covered":1,"skipped":0,"pct":100},"statements":{"total":4,"covered":4,"skipped":0,"pct":100},"branches":{"total":8,"covered":8,"skipped":0,"pct":100}}
,"/private/tmp/claude-501/-Users-shaynemcpherson-Documents-UMGC-Fall26-SWEN-661-careconnect-adhd/1c519202-31bb-426c-a7c7-68253f5ccc95/scratchpad/wt-int/apps/react-mobile/src/core/components/CcListItem.tsx": {"lines":{"total":5,"covered":5,"skipped":0,"pct":100},"functions":{"total":2,"covered":2,"skipped":0,"pct":100},"statements":{"total":5,"covered":5,"skipped":0,"pct":100},"branches":{"total":17,"covered":13,"skipped":0,"pct":76.47}}
,"/private/tmp/claude-501/-Users-shaynemcpherson-Documents-UMGC-Fall26-SWEN-661-careconnect-adhd/1c519202-31bb-426c-a7c7-68253f5ccc95/scratchpad/wt-int/apps/react-mobile/src/core/components/CcTextField.tsx": {"lines":{"total":12,"covered":12,"skipped":0,"pct":100},"functions":{"total":2,"covered":2,"skipped":0,"pct":100},"statements":{"total":13,"covered":13,"skipped":0,"pct":100},"branches":{"total":33,"covered":32,"skipped":0,"pct":96.96}}
,"/private/tmp/claude-501/-Users-shaynemcpherson-Documents-UMGC-Fall26-SWEN-661-careconnect-adhd/1c519202-31bb-426c-a7c7-68253f5ccc95/scratchpad/wt-int/apps/react-mobile/src/core/components/ChoiceGroup.tsx": {"lines":{"total":8,"covered":8,"skipped":0,"pct":100},"functions":{"total":4,"covered":4,"skipped":0,"pct":100},"statements":{"total":8,"covered":8,"skipped":0,"pct":100},"branches":{"total":15,"covered":14,"skipped":0,"pct":93.33}}
,"/private/tmp/claude-501/-Users-shaynemcpherson-Documents-UMGC-Fall26-SWEN-661-careconnect-adhd/1c519202-31bb-426c-a7c7-68253f5ccc95/scratchpad/wt-int/apps/react-mobile/src/core/components/DoseCard.tsx": {"lines":{"total":4,"covered":4,"skipped":0,"pct":100},"functions":{"total":2,"covered":2,"skipped":0,"pct":100},"statements":{"total":4,"covered":4,"skipped":0,"pct":100},"branches":{"total":11,"covered":7,"skipped":0,"pct":63.63}}
,"/private/tmp/claude-501/-Users-shaynemcpherson-Documents-UMGC-Fall26-SWEN-661-careconnect-adhd/1c519202-31bb-426c-a7c7-68253f5ccc95/scratchpad/wt-int/apps/react-mobile/src/core/components/EmptyState.tsx": {"lines":{"total":3,"covered":3,"skipped":0,"pct":100},"functions":{"total":1,"covered":1,"skipped":0,"pct":100},"statements":{"total":3,"covered":3,"skipped":0,"pct":100},"branches":{"total":2,"covered":1,"skipped":0,"pct":50}}
,"/private/tmp/claude-501/-Users-shaynemcpherson-Documents-UMGC-Fall26-SWEN-661-careconnect-adhd/1c519202-31bb-426c-a7c7-68253f5ccc95/scratchpad/wt-int/apps/react-mobile/src/core/components/OrientationBar.tsx": {"lines":{"total":4,"covered":4,"skipped":0,"pct":100},"functions":{"total":1,"covered":1,"skipped":0,"pct":100},"statements":{"total":4,"covered":4,"skipped":0,"pct":100},"branches":{"total":0,"covered":0,"skipped":0,"pct":100}}
,"/private/tmp/claude-501/-Users-shaynemcpherson-Documents-UMGC-Fall26-SWEN-661-careconnect-adhd/1c519202-31bb-426c-a7c7-68253f5ccc95/scratchpad/wt-int/apps/react-mobile/src/core/components/Responsive.tsx": {"lines":{"total":13,"covered":12,"skipped":0,"pct":92.3},"functions":{"total":4,"covered":4,"skipped":0,"pct":100},"statements":{"total":13,"covered":12,"skipped":0,"pct":92.3},"branches":{"total":10,"covered":9,"skipped":0,"pct":90}}
,"/private/tmp/claude-501/-Users-shaynemcpherson-Documents-UMGC-Fall26-SWEN-661-careconnect-adhd/1c519202-31bb-426c-a7c7-68253f5ccc95/scratchpad/wt-int/apps/react-mobile/src/core/components/SectionHeading.tsx": {"lines":{"total":3,"covered":3,"skipped":0,"pct":100},"functions":{"total":1,"covered":1,"skipped":0,"pct":100},"statements":{"total":3,"covered":3,"skipped":0,"pct":100},"branches":{"total":3,"covered":2,"skipped":0,"pct":66.66}}
,"/private/tmp/claude-501/-Users-shaynemcpherson-Documents-UMGC-Fall26-SWEN-661-careconnect-adhd/1c519202-31bb-426c-a7c7-68253f5ccc95/scratchpad/wt-int/apps/react-mobile/src/core/components/StatusChip.tsx": {"lines":{"total":6,"covered":6,"skipped":0,"pct":100},"functions":{"total":2,"covered":2,"skipped":0,"pct":100},"statements":{"total":6,"covered":6,"skipped":0,"pct":100},"branches":{"total":2,"covered":2,"skipped":0,"pct":100}}
,"/private/tmp/claude-501/-Users-shaynemcpherson-Documents-UMGC-Fall26-SWEN-661-careconnect-adhd/1c519202-31bb-426c-a7c7-68253f5ccc95/scratchpad/wt-int/apps/react-mobile/src/core/components/StepIndicator.tsx": {"lines":{"total":5,"covered":5,"skipped":0,"pct":100},"functions":{"total":1,"covered":1,"skipped":0,"pct":100},"statements":{"total":5,"covered":5,"skipped":0,"pct":100},"branches":{"total":2,"covered":2,"skipped":0,"pct":100}}
,"/private/tmp/claude-501/-Users-shaynemcpherson-Documents-UMGC-Fall26-SWEN-661-careconnect-adhd/1c519202-31bb-426c-a7c7-68253f5ccc95/scratchpad/wt-int/apps/react-mobile/src/core/components/UndoSnackbar.tsx": {"lines":{"total":24,"covered":24,"skipped":0,"pct":100},"functions":{"total":9,"covered":9,"skipped":0,"pct":100},"statements":{"total":29,"covered":29,"skipped":0,"pct":100},"branches":{"total":14,"covered":13,"skipped":0,"pct":92.85}}
,"/private/tmp/claude-501/-Users-shaynemcpherson-Documents-UMGC-Fall26-SWEN-661-careconnect-adhd/1c519202-31bb-426c-a7c7-68253f5ccc95/scratchpad/wt-int/apps/react-mobile/src/core/components/doseStatus.ts": {"lines":{"total":22,"covered":20,"skipped":0,"pct":90.9},"functions":{"total":4,"covered":4,"skipped":0,"pct":100},"statements":{"total":22,"covered":20,"skipped":0,"pct":90.9},"branches":{"total":19,"covered":16,"skipped":0,"pct":84.21}}
,"/private/tmp/claude-501/-Users-shaynemcpherson-Documents-UMGC-Fall26-SWEN-661-careconnect-adhd/1c519202-31bb-426c-a7c7-68253f5ccc95/scratchpad/wt-int/apps/react-mobile/src/core/components/index.ts": {"lines":{"total":0,"covered":0,"skipped":0,"pct":0},"functions":{"total":0,"covered":0,"skipped":0,"pct":0},"statements":{"total":0,"covered":0,"skipped":0,"pct":0},"branches":{"total":0,"covered":0,"skipped":0,"pct":0}}
,"/private/tmp/claude-501/-Users-shaynemcpherson-Documents-UMGC-Fall26-SWEN-661-careconnect-adhd/1c519202-31bb-426c-a7c7-68253f5ccc95/scratchpad/wt-int/apps/react-mobile/src/core/theme/ThemeContext.tsx": {"lines":{"total":16,"covered":15,"skipped":0,"pct":93.75},"functions":{"total":5,"covered":5,"skipped":0,"pct":100},"statements":{"total":18,"covered":17,"skipped":0,"pct":94.44},"branches":{"total":12,"covered":10,"skipped":0,"pct":83.33}}
,"/private/tmp/claude-501/-Users-shaynemcpherson-Documents-UMGC-Fall26-SWEN-661-careconnect-adhd/1c519202-31bb-426c-a7c7-68253f5ccc95/scratchpad/wt-int/apps/react-mobile/src/core/theme/colors.ts": {"lines":{"total":3,"covered":3,"skipped":0,"pct":100},"functions":{"total":0,"covered":0,"skipped":0,"pct":100},"statements":{"total":3,"covered":3,"skipped":0,"pct":100},"branches":{"total":0,"covered":0,"skipped":0,"pct":100}}
,"/private/tmp/claude-501/-Users-shaynemcpherson-Documents-UMGC-Fall26-SWEN-661-careconnect-adhd/1c519202-31bb-426c-a7c7-68253f5ccc95/scratchpad/wt-int/apps/react-mobile/src/core/theme/spacing.ts": {"lines":{"total":4,"covered":4,"skipped":0,"pct":100},"functions":{"total":0,"covered":0,"skipped":0,"pct":100},"statements":{"total":4,"covered":4,"skipped":0,"pct":100},"branches":{"total":0,"covered":0,"skipped":0,"pct":100}}
,"/private/tmp/claude-501/-Users-shaynemcpherson-Documents-UMGC-Fall26-SWEN-661-careconnect-adhd/1c519202-31bb-426c-a7c7-68253f5ccc95/scratchpad/wt-int/apps/react-mobile/src/core/theme/typography.ts": {"lines":{"total":3,"covered":3,"skipped":0,"pct":100},"functions":{"total":2,"covered":2,"skipped":0,"pct":100},"statements":{"total":3,"covered":3,"skipped":0,"pct":100},"branches":{"total":0,"covered":0,"skipped":0,"pct":100}}
,"/private/tmp/claude-501/-Users-shaynemcpherson-Documents-UMGC-Fall26-SWEN-661-careconnect-adhd/1c519202-31bb-426c-a7c7-68253f5ccc95/scratchpad/wt-int/apps/react-mobile/src/core/utils/announce.ts": {"lines":{"total":5,"covered":5,"skipped":0,"pct":100},"functions":{"total":4,"covered":3,"skipped":0,"pct":75},"statements":{"total":7,"covered":7,"skipped":0,"pct":100},"branches":{"total":2,"covered":2,"skipped":0,"pct":100}}
,"/private/tmp/claude-501/-Users-shaynemcpherson-Documents-UMGC-Fall26-SWEN-661-careconnect-adhd/1c519202-31bb-426c-a7c7-68253f5ccc95/scratchpad/wt-int/apps/react-mobile/src/core/utils/clock.ts": {"lines":{"total":4,"covered":4,"skipped":0,"pct":100},"functions":{"total":4,"covered":4,"skipped":0,"pct":100},"statements":{"total":4,"covered":4,"skipped":0,"pct":100},"branches":{"total":4,"covered":0,"skipped":0,"pct":0}}
,"/private/tmp/claude-501/-Users-shaynemcpherson-Documents-UMGC-Fall26-SWEN-661-careconnect-adhd/1c519202-31bb-426c-a7c7-68253f5ccc95/scratchpad/wt-int/apps/react-mobile/src/core/utils/contrast.ts": {"lines":{"total":20,"covered":20,"skipped":0,"pct":100},"functions":{"total":6,"covered":6,"skipped":0,"pct":100},"statements":{"total":20,"covered":20,"skipped":0,"pct":100},"branches":{"total":9,"covered":9,"skipped":0,"pct":100}}
,"/private/tmp/claude-501/-Users-shaynemcpherson-Documents-UMGC-Fall26-SWEN-661-careconnect-adhd/1c519202-31bb-426c-a7c7-68253f5ccc95/scratchpad/wt-int/apps/react-mobile/src/core/utils/dateFormatting.ts": {"lines":{"total":53,"covered":53,"skipped":0,"pct":100},"functions":{"total":13,"covered":13,"skipped":0,"pct":100},"statements":{"total":54,"covered":54,"skipped":0,"pct":100},"branches":{"total":42,"covered":42,"skipped":0,"pct":100}}
,"/private/tmp/claude-501/-Users-shaynemcpherson-Documents-UMGC-Fall26-SWEN-661-careconnect-adhd/1c519202-31bb-426c-a7c7-68253f5ccc95/scratchpad/wt-int/apps/react-mobile/src/core/utils/ids.ts": {"lines":{"total":5,"covered":5,"skipped":0,"pct":100},"functions":{"total":3,"covered":3,"skipped":0,"pct":100},"statements":{"total":5,"covered":5,"skipped":0,"pct":100},"branches":{"total":1,"covered":1,"skipped":0,"pct":100}}
,"/private/tmp/claude-501/-Users-shaynemcpherson-Documents-UMGC-Fall26-SWEN-661-careconnect-adhd/1c519202-31bb-426c-a7c7-68253f5ccc95/scratchpad/wt-int/apps/react-mobile/src/core/utils/useFieldErrorAnnouncements.ts": {"lines":{"total":8,"covered":8,"skipped":0,"pct":100},"functions":{"total":6,"covered":6,"skipped":0,"pct":100},"statements":{"total":12,"covered":12,"skipped":0,"pct":100},"branches":{"total":6,"covered":6,"skipped":0,"pct":100}}
,"/private/tmp/claude-501/-Users-shaynemcpherson-Documents-UMGC-Fall26-SWEN-661-careconnect-adhd/1c519202-31bb-426c-a7c7-68253f5ccc95/scratchpad/wt-int/apps/react-mobile/src/data/announcements.ts": {"lines":{"total":5,"covered":5,"skipped":0,"pct":100},"functions":{"total":3,"covered":3,"skipped":0,"pct":100},"statements":{"total":5,"covered":5,"skipped":0,"pct":100},"branches":{"total":4,"covered":4,"skipped":0,"pct":100}}
,"/private/tmp/claude-501/-Users-shaynemcpherson-Documents-UMGC-Fall26-SWEN-661-careconnect-adhd/1c519202-31bb-426c-a7c7-68253f5ccc95/scratchpad/wt-int/apps/react-mobile/src/data/localStore.ts": {"lines":{"total":17,"covered":17,"skipped":0,"pct":100},"functions":{"total":5,"covered":5,"skipped":0,"pct":100},"statements":{"total":19,"covered":19,"skipped":0,"pct":100},"branches":{"total":11,"covered":11,"skipped":0,"pct":100}}
,"/private/tmp/claude-501/-Users-shaynemcpherson-Documents-UMGC-Fall26-SWEN-661-careconnect-adhd/1c519202-31bb-426c-a7c7-68253f5ccc95/scratchpad/wt-int/apps/react-mobile/src/data/mockData.ts": {"lines":{"total":13,"covered":13,"skipped":0,"pct":100},"functions":{"total":3,"covered":3,"skipped":0,"pct":100},"statements":{"total":13,"covered":13,"skipped":0,"pct":100},"branches":{"total":0,"covered":0,"skipped":0,"pct":100}}
,"/private/tmp/claude-501/-Users-shaynemcpherson-Documents-UMGC-Fall26-SWEN-661-careconnect-adhd/1c519202-31bb-426c-a7c7-68253f5ccc95/scratchpad/wt-int/apps/react-mobile/src/data/settingsFixtures.ts": {"lines":{"total":4,"covered":4,"skipped":0,"pct":100},"functions":{"total":0,"covered":0,"skipped":0,"pct":100},"statements":{"total":4,"covered":4,"skipped":0,"pct":100},"branches":{"total":0,"covered":0,"skipped":0,"pct":100}}
,"/private/tmp/claude-501/-Users-shaynemcpherson-Documents-UMGC-Fall26-SWEN-661-careconnect-adhd/1c519202-31bb-426c-a7c7-68253f5ccc95/scratchpad/wt-int/apps/react-mobile/src/models/domain.ts": {"lines":{"total":16,"covered":16,"skipped":0,"pct":100},"functions":{"total":19,"covered":19,"skipped":0,"pct":100},"statements":{"total":20,"covered":20,"skipped":0,"pct":100},"branches":{"total":23,"covered":23,"skipped":0,"pct":100}}
,"/private/tmp/claude-501/-Users-shaynemcpherson-Documents-UMGC-Fall26-SWEN-661-careconnect-adhd/1c519202-31bb-426c-a7c7-68253f5ccc95/scratchpad/wt-int/apps/react-mobile/src/models/serialization.ts": {"lines":{"total":27,"covered":27,"skipped":0,"pct":100},"functions":{"total":27,"covered":27,"skipped":0,"pct":100},"statements":{"total":27,"covered":27,"skipped":0,"pct":100},"branches":{"total":66,"covered":66,"skipped":0,"pct":100}}
,"/private/tmp/claude-501/-Users-shaynemcpherson-Documents-UMGC-Fall26-SWEN-661-careconnect-adhd/1c519202-31bb-426c-a7c7-68253f5ccc95/scratchpad/wt-int/apps/react-mobile/src/models/types.ts": {"lines":{"total":22,"covered":17,"skipped":0,"pct":77.27},"functions":{"total":11,"covered":10,"skipped":0,"pct":90.9},"statements":{"total":22,"covered":17,"skipped":0,"pct":77.27},"branches":{"total":27,"covered":23,"skipped":0,"pct":85.18}}
,"/private/tmp/claude-501/-Users-shaynemcpherson-Documents-UMGC-Fall26-SWEN-661-careconnect-adhd/1c519202-31bb-426c-a7c7-68253f5ccc95/scratchpad/wt-int/apps/react-mobile/src/navigation/CaregiverTabNavigator.tsx": {"lines":{"total":15,"covered":15,"skipped":0,"pct":100},"functions":{"total":9,"covered":9,"skipped":0,"pct":100},"statements":{"total":15,"covered":15,"skipped":0,"pct":100},"branches":{"total":4,"covered":4,"skipped":0,"pct":100}}
,"/private/tmp/claude-501/-Users-shaynemcpherson-Documents-UMGC-Fall26-SWEN-661-careconnect-adhd/1c519202-31bb-426c-a7c7-68253f5ccc95/scratchpad/wt-int/apps/react-mobile/src/navigation/ManageStackNavigator.tsx": {"lines":{"total":2,"covered":2,"skipped":0,"pct":100},"functions":{"total":1,"covered":1,"skipped":0,"pct":100},"statements":{"total":2,"covered":2,"skipped":0,"pct":100},"branches":{"total":0,"covered":0,"skipped":0,"pct":100}}
,"/private/tmp/claude-501/-Users-shaynemcpherson-Documents-UMGC-Fall26-SWEN-661-careconnect-adhd/1c519202-31bb-426c-a7c7-68253f5ccc95/scratchpad/wt-int/apps/react-mobile/src/navigation/MedicationsStackNavigator.tsx": {"lines":{"total":2,"covered":2,"skipped":0,"pct":100},"functions":{"total":1,"covered":1,"skipped":0,"pct":100},"statements":{"total":2,"covered":2,"skipped":0,"pct":100},"branches":{"total":0,"covered":0,"skipped":0,"pct":100}}
,"/private/tmp/claude-501/-Users-shaynemcpherson-Documents-UMGC-Fall26-SWEN-661-careconnect-adhd/1c519202-31bb-426c-a7c7-68253f5ccc95/scratchpad/wt-int/apps/react-mobile/src/navigation/PatientTabNavigator.tsx": {"lines":{"total":15,"covered":15,"skipped":0,"pct":100},"functions":{"total":9,"covered":9,"skipped":0,"pct":100},"statements":{"total":15,"covered":15,"skipped":0,"pct":100},"branches":{"total":4,"covered":4,"skipped":0,"pct":100}}
,"/private/tmp/claude-501/-Users-shaynemcpherson-Documents-UMGC-Fall26-SWEN-661-careconnect-adhd/1c519202-31bb-426c-a7c7-68253f5ccc95/scratchpad/wt-int/apps/react-mobile/src/navigation/RootNavigator.tsx": {"lines":{"total":4,"covered":4,"skipped":0,"pct":100},"functions":{"total":2,"covered":2,"skipped":0,"pct":100},"statements":{"total":5,"covered":5,"skipped":0,"pct":100},"branches":{"total":4,"covered":4,"skipped":0,"pct":100}}
,"/private/tmp/claude-501/-Users-shaynemcpherson-Documents-UMGC-Fall26-SWEN-661-careconnect-adhd/1c519202-31bb-426c-a7c7-68253f5ccc95/scratchpad/wt-int/apps/react-mobile/src/navigation/SettingsStackNavigator.tsx": {"lines":{"total":2,"covered":2,"skipped":0,"pct":100},"functions":{"total":1,"covered":1,"skipped":0,"pct":100},"statements":{"total":2,"covered":2,"skipped":0,"pct":100},"branches":{"total":0,"covered":0,"skipped":0,"pct":100}}
,"/private/tmp/claude-501/-Users-shaynemcpherson-Documents-UMGC-Fall26-SWEN-661-careconnect-adhd/1c519202-31bb-426c-a7c7-68253f5ccc95/scratchpad/wt-int/apps/react-mobile/src/navigation/redirects.ts": {"lines":{"total":10,"covered":10,"skipped":0,"pct":100},"functions":{"total":1,"covered":1,"skipped":0,"pct":100},"statements":{"total":10,"covered":10,"skipped":0,"pct":100},"branches":{"total":13,"covered":13,"skipped":0,"pct":100}}
,"/private/tmp/claude-501/-Users-shaynemcpherson-Documents-UMGC-Fall26-SWEN-661-careconnect-adhd/1c519202-31bb-426c-a7c7-68253f5ccc95/scratchpad/wt-int/apps/react-mobile/src/navigation/routes.ts": {"lines":{"total":1,"covered":1,"skipped":0,"pct":100},"functions":{"total":0,"covered":0,"skipped":0,"pct":100},"statements":{"total":1,"covered":1,"skipped":0,"pct":100},"branches":{"total":0,"covered":0,"skipped":0,"pct":100}}
,"/private/tmp/claude-501/-Users-shaynemcpherson-Documents-UMGC-Fall26-SWEN-661-careconnect-adhd/1c519202-31bb-426c-a7c7-68253f5ccc95/scratchpad/wt-int/apps/react-mobile/src/navigation/types.ts": {"lines":{"total":0,"covered":0,"skipped":0,"pct":0},"functions":{"total":0,"covered":0,"skipped":0,"pct":0},"statements":{"total":0,"covered":0,"skipped":0,"pct":0},"branches":{"total":0,"covered":0,"skipped":0,"pct":0}}
,"/private/tmp/claude-501/-Users-shaynemcpherson-Documents-UMGC-Fall26-SWEN-661-careconnect-adhd/1c519202-31bb-426c-a7c7-68253f5ccc95/scratchpad/wt-int/apps/react-mobile/src/screens/appointments/AppointmentFormScreen.tsx": {"lines":{"total":98,"covered":97,"skipped":0,"pct":98.97},"functions":{"total":34,"covered":33,"skipped":0,"pct":97.05},"statements":{"total":118,"covered":116,"skipped":0,"pct":98.3},"branches":{"total":81,"covered":76,"skipped":0,"pct":93.82}}
,"/private/tmp/claude-501/-Users-shaynemcpherson-Documents-UMGC-Fall26-SWEN-661-careconnect-adhd/1c519202-31bb-426c-a7c7-68253f5ccc95/scratchpad/wt-int/apps/react-mobile/src/screens/auth/SignInScreen.tsx": {"lines":{"total":27,"covered":27,"skipped":0,"pct":100},"functions":{"total":9,"covered":9,"skipped":0,"pct":100},"statements":{"total":30,"covered":30,"skipped":0,"pct":100},"branches":{"total":15,"covered":12,"skipped":0,"pct":80}}
,"/private/tmp/claude-501/-Users-shaynemcpherson-Documents-UMGC-Fall26-SWEN-661-careconnect-adhd/1c519202-31bb-426c-a7c7-68253f5ccc95/scratchpad/wt-int/apps/react-mobile/src/screens/caregiver/ActivityTimelineScreen.tsx": {"lines":{"total":13,"covered":13,"skipped":0,"pct":100},"functions":{"total":8,"covered":8,"skipped":0,"pct":100},"statements":{"total":15,"covered":15,"skipped":0,"pct":100},"branches":{"total":10,"covered":9,"skipped":0,"pct":90}}
,"/private/tmp/claude-501/-Users-shaynemcpherson-Documents-UMGC-Fall26-SWEN-661-careconnect-adhd/1c519202-31bb-426c-a7c7-68253f5ccc95/scratchpad/wt-int/apps/react-mobile/src/screens/caregiver/CaregiverDashboardScreen.tsx": {"lines":{"total":15,"covered":15,"skipped":0,"pct":100},"functions":{"total":7,"covered":7,"skipped":0,"pct":100},"statements":{"total":17,"covered":17,"skipped":0,"pct":100},"branches":{"total":16,"covered":15,"skipped":0,"pct":93.75}}
,"/private/tmp/claude-501/-Users-shaynemcpherson-Documents-UMGC-Fall26-SWEN-661-careconnect-adhd/1c519202-31bb-426c-a7c7-68253f5ccc95/scratchpad/wt-int/apps/react-mobile/src/screens/caregiver/ManageScreen.tsx": {"lines":{"total":25,"covered":25,"skipped":0,"pct":100},"functions":{"total":14,"covered":14,"skipped":0,"pct":100},"statements":{"total":27,"covered":27,"skipped":0,"pct":100},"branches":{"total":12,"covered":7,"skipped":0,"pct":58.33}}
,"/private/tmp/claude-501/-Users-shaynemcpherson-Documents-UMGC-Fall26-SWEN-661-careconnect-adhd/1c519202-31bb-426c-a7c7-68253f5ccc95/scratchpad/wt-int/apps/react-mobile/src/screens/medications/MedicationDetailScreen.tsx": {"lines":{"total":36,"covered":33,"skipped":0,"pct":91.66},"functions":{"total":21,"covered":18,"skipped":0,"pct":85.71},"statements":{"total":41,"covered":38,"skipped":0,"pct":92.68},"branches":{"total":18,"covered":12,"skipped":0,"pct":66.66}}
,"/private/tmp/claude-501/-Users-shaynemcpherson-Documents-UMGC-Fall26-SWEN-661-careconnect-adhd/1c519202-31bb-426c-a7c7-68253f5ccc95/scratchpad/wt-int/apps/react-mobile/src/screens/medications/MedicationFormScreen.tsx": {"lines":{"total":94,"covered":90,"skipped":0,"pct":95.74},"functions":{"total":37,"covered":34,"skipped":0,"pct":91.89},"statements":{"total":115,"covered":106,"skipped":0,"pct":92.17},"branches":{"total":77,"covered":61,"skipped":0,"pct":79.22}}
,"/private/tmp/claude-501/-Users-shaynemcpherson-Documents-UMGC-Fall26-SWEN-661-careconnect-adhd/1c519202-31bb-426c-a7c7-68253f5ccc95/scratchpad/wt-int/apps/react-mobile/src/screens/medications/MedicationsScreen.tsx": {"lines":{"total":15,"covered":15,"skipped":0,"pct":100},"functions":{"total":8,"covered":8,"skipped":0,"pct":100},"statements":{"total":16,"covered":16,"skipped":0,"pct":100},"branches":{"total":10,"covered":7,"skipped":0,"pct":70}}
,"/private/tmp/claude-501/-Users-shaynemcpherson-Documents-UMGC-Fall26-SWEN-661-careconnect-adhd/1c519202-31bb-426c-a7c7-68253f5ccc95/scratchpad/wt-int/apps/react-mobile/src/screens/patient/AppointmentsScreen.tsx": {"lines":{"total":12,"covered":12,"skipped":0,"pct":100},"functions":{"total":6,"covered":6,"skipped":0,"pct":100},"statements":{"total":12,"covered":12,"skipped":0,"pct":100},"branches":{"total":6,"covered":5,"skipped":0,"pct":83.33}}
,"/private/tmp/claude-501/-Users-shaynemcpherson-Documents-UMGC-Fall26-SWEN-661-careconnect-adhd/1c519202-31bb-426c-a7c7-68253f5ccc95/scratchpad/wt-int/apps/react-mobile/src/screens/patient/TodayScreen.tsx": {"lines":{"total":24,"covered":23,"skipped":0,"pct":95.83},"functions":{"total":10,"covered":9,"skipped":0,"pct":90},"statements":{"total":27,"covered":25,"skipped":0,"pct":92.59},"branches":{"total":14,"covered":13,"skipped":0,"pct":92.85}}
,"/private/tmp/claude-501/-Users-shaynemcpherson-Documents-UMGC-Fall26-SWEN-661-careconnect-adhd/1c519202-31bb-426c-a7c7-68253f5ccc95/scratchpad/wt-int/apps/react-mobile/src/screens/settings/AppSettingsScreen.tsx": {"lines":{"total":31,"covered":31,"skipped":0,"pct":100},"functions":{"total":18,"covered":18,"skipped":0,"pct":100},"statements":{"total":37,"covered":37,"skipped":0,"pct":100},"branches":{"total":14,"covered":10,"skipped":0,"pct":71.42}}
,"/private/tmp/claude-501/-Users-shaynemcpherson-Documents-UMGC-Fall26-SWEN-661-careconnect-adhd/1c519202-31bb-426c-a7c7-68253f5ccc95/scratchpad/wt-int/apps/react-mobile/src/screens/settings/CaregiverAccessScreen.tsx": {"lines":{"total":12,"covered":12,"skipped":0,"pct":100},"functions":{"total":6,"covered":6,"skipped":0,"pct":100},"statements":{"total":14,"covered":14,"skipped":0,"pct":100},"branches":{"total":2,"covered":2,"skipped":0,"pct":100}}
,"/private/tmp/claude-501/-Users-shaynemcpherson-Documents-UMGC-Fall26-SWEN-661-careconnect-adhd/1c519202-31bb-426c-a7c7-68253f5ccc95/scratchpad/wt-int/apps/react-mobile/src/screens/settings/NotificationsSettingsScreen.tsx": {"lines":{"total":9,"covered":9,"skipped":0,"pct":100},"functions":{"total":6,"covered":6,"skipped":0,"pct":100},"statements":{"total":10,"covered":10,"skipped":0,"pct":100},"branches":{"total":0,"covered":0,"skipped":0,"pct":100}}
,"/private/tmp/claude-501/-Users-shaynemcpherson-Documents-UMGC-Fall26-SWEN-661-careconnect-adhd/1c519202-31bb-426c-a7c7-68253f5ccc95/scratchpad/wt-int/apps/react-mobile/src/screens/settings/SettingsScreen.tsx": {"lines":{"total":9,"covered":9,"skipped":0,"pct":100},"functions":{"total":4,"covered":4,"skipped":0,"pct":100},"statements":{"total":9,"covered":9,"skipped":0,"pct":100},"branches":{"total":4,"covered":4,"skipped":0,"pct":100}}
,"/private/tmp/claude-501/-Users-shaynemcpherson-Documents-UMGC-Fall26-SWEN-661-careconnect-adhd/1c519202-31bb-426c-a7c7-68253f5ccc95/scratchpad/wt-int/apps/react-mobile/src/screens/settings/SettingsSwitchRow.tsx": {"lines":{"total":4,"covered":4,"skipped":0,"pct":100},"functions":{"total":2,"covered":2,"skipped":0,"pct":100},"statements":{"total":4,"covered":4,"skipped":0,"pct":100},"branches":{"total":3,"covered":3,"skipped":0,"pct":100}}
,"/private/tmp/claude-501/-Users-shaynemcpherson-Documents-UMGC-Fall26-SWEN-661-careconnect-adhd/1c519202-31bb-426c-a7c7-68253f5ccc95/scratchpad/wt-int/apps/react-mobile/src/state/activityFilterStore.ts": {"lines":{"total":2,"covered":2,"skipped":0,"pct":100},"functions":{"total":2,"covered":2,"skipped":0,"pct":100},"statements":{"total":3,"covered":3,"skipped":0,"pct":100},"branches":{"total":0,"covered":0,"skipped":0,"pct":100}}
,"/private/tmp/claude-501/-Users-shaynemcpherson-Documents-UMGC-Fall26-SWEN-661-careconnect-adhd/1c519202-31bb-426c-a7c7-68253f5ccc95/scratchpad/wt-int/apps/react-mobile/src/state/careDataStore.ts": {"lines":{"total":116,"covered":116,"skipped":0,"pct":100},"functions":{"total":32,"covered":32,"skipped":0,"pct":100},"statements":{"total":126,"covered":120,"skipped":0,"pct":95.23},"branches":{"total":57,"covered":51,"skipped":0,"pct":89.47}}
,"/private/tmp/claude-501/-Users-shaynemcpherson-Documents-UMGC-Fall26-SWEN-661-careconnect-adhd/1c519202-31bb-426c-a7c7-68253f5ccc95/scratchpad/wt-int/apps/react-mobile/src/state/clockStore.ts": {"lines":{"total":17,"covered":17,"skipped":0,"pct":100},"functions":{"total":7,"covered":7,"skipped":0,"pct":100},"statements":{"total":21,"covered":21,"skipped":0,"pct":100},"branches":{"total":10,"covered":10,"skipped":0,"pct":100}}
,"/private/tmp/claude-501/-Users-shaynemcpherson-Documents-UMGC-Fall26-SWEN-661-careconnect-adhd/1c519202-31bb-426c-a7c7-68253f5ccc95/scratchpad/wt-int/apps/react-mobile/src/state/draftStore.ts": {"lines":{"total":49,"covered":49,"skipped":0,"pct":100},"functions":{"total":19,"covered":19,"skipped":0,"pct":100},"statements":{"total":63,"covered":62,"skipped":0,"pct":98.41},"branches":{"total":32,"covered":31,"skipped":0,"pct":96.87}}
,"/private/tmp/claude-501/-Users-shaynemcpherson-Documents-UMGC-Fall26-SWEN-661-careconnect-adhd/1c519202-31bb-426c-a7c7-68253f5ccc95/scratchpad/wt-int/apps/react-mobile/src/state/hydrate.ts": {"lines":{"total":38,"covered":32,"skipped":0,"pct":84.21},"functions":{"total":5,"covered":5,"skipped":0,"pct":100},"statements":{"total":38,"covered":32,"skipped":0,"pct":84.21},"branches":{"total":25,"covered":17,"skipped":0,"pct":68}}
,"/private/tmp/claude-501/-Users-shaynemcpherson-Documents-UMGC-Fall26-SWEN-661-careconnect-adhd/1c519202-31bb-426c-a7c7-68253f5ccc95/scratchpad/wt-int/apps/react-mobile/src/state/notificationSettingsStore.ts": {"lines":{"total":7,"covered":7,"skipped":0,"pct":100},"functions":{"total":5,"covered":5,"skipped":0,"pct":100},"statements":{"total":8,"covered":8,"skipped":0,"pct":100},"branches":{"total":0,"covered":0,"skipped":0,"pct":100}}
,"/private/tmp/claude-501/-Users-shaynemcpherson-Documents-UMGC-Fall26-SWEN-661-careconnect-adhd/1c519202-31bb-426c-a7c7-68253f5ccc95/scratchpad/wt-int/apps/react-mobile/src/state/selectors.ts": {"lines":{"total":70,"covered":69,"skipped":0,"pct":98.57},"functions":{"total":49,"covered":48,"skipped":0,"pct":97.95},"statements":{"total":95,"covered":94,"skipped":0,"pct":98.94},"branches":{"total":24,"covered":23,"skipped":0,"pct":95.83}}
,"/private/tmp/claude-501/-Users-shaynemcpherson-Documents-UMGC-Fall26-SWEN-661-careconnect-adhd/1c519202-31bb-426c-a7c7-68253f5ccc95/scratchpad/wt-int/apps/react-mobile/src/state/sessionStore.ts": {"lines":{"total":9,"covered":9,"skipped":0,"pct":100},"functions":{"total":6,"covered":6,"skipped":0,"pct":100},"statements":{"total":11,"covered":11,"skipped":0,"pct":100},"branches":{"total":6,"covered":6,"skipped":0,"pct":100}}
,"/private/tmp/claude-501/-Users-shaynemcpherson-Documents-UMGC-Fall26-SWEN-661-careconnect-adhd/1c519202-31bb-426c-a7c7-68253f5ccc95/scratchpad/wt-int/apps/react-mobile/src/state/settingsStore.ts": {"lines":{"total":9,"covered":9,"skipped":0,"pct":100},"functions":{"total":6,"covered":6,"skipped":0,"pct":100},"statements":{"total":10,"covered":10,"skipped":0,"pct":100},"branches":{"total":0,"covered":0,"skipped":0,"pct":100}}
}
