TN:
SF:src/test-utils.tsx
FN:31,renderWithProviders
FNF:1
FNH:1
FNDA:138,renderWithProviders
DA:26,18
DA:35,138
LF:2
LH:2
BRF:0
BRH:0
end_of_record
TN:
SF:src/core/components/AlertCard.tsx
FN:24,AlertCard
FN:33,(anonymous_1)
FNF:2
FNH:2
FNDA:7,AlertCard
FNDA:7,(anonymous_1)
DA:25,7
DA:26,7
DA:33,7
DA:51,18
LF:4
LH:4
BRDA:30,0,0,7
BRDA:30,0,1,0
BRDA:39,1,0,0
BRDA:39,1,1,7
BRDA:39,2,0,7
BRDA:39,2,1,0
BRDA:46,3,0,7
BRDA:46,3,1,0
BRF:8
BRH:4
end_of_record
TN:
SF:src/core/components/AutosaveIndicator.tsx
FN:21,AutosaveIndicator
FNF:1
FNH:1
FNDA:294,AutosaveIndicator
DA:10,18
DA:22,294
DA:23,294
DA:25,124
DA:27,170
DA:28,170
DA:29,170
DA:42,18
LF:8
LH:8
BRDA:23,0,0,124
BRDA:23,0,1,170
BRDA:28,1,0,14
BRDA:28,1,1,156
BRDA:34,2,0,14
BRDA:34,2,1,156
BRDA:36,3,0,14
BRDA:36,3,1,156
BRF:8
BRH:8
end_of_record
TN:
SF:src/core/components/CallContactButton.tsx
FN:24,CallContactButton
FN:33,(anonymous_1)
FN:42,(anonymous_2)
FN:43,(anonymous_3)
FN:49,(anonymous_4)
FN:63,(anonymous_5)
FN:78,(anonymous_6)
FNF:7
FNH:1
FNDA:48,CallContactButton
FNDA:0,(anonymous_1)
FNDA:0,(anonymous_2)
FNDA:0,(anonymous_3)
FNDA:0,(anonymous_4)
FNDA:0,(anonymous_5)
FNDA:0,(anonymous_6)
DA:25,48
DA:26,48
DA:27,48
DA:28,48
DA:30,48
DA:33,0
DA:42,0
DA:43,0
DA:64,0
DA:65,0
DA:78,0
DA:90,18
LF:12
LH:6
BRF:0
BRH:0
end_of_record
TN:
SF:src/core/components/CcAppBar.tsx
FN:28,CcAppBar
FNF:1
FNH:1
FNDA:383,CcAppBar
DA:29,383
DA:30,383
DA:32,383
DA:75,18
LF:4
LH:4
BRDA:28,0,0,40
BRDA:28,1,0,335
BRDA:39,2,0,12
BRDA:39,2,1,371
BRDA:43,3,0,343
BRDA:43,3,1,40
BRDA:64,4,0,12
BRDA:64,4,1,371
BRF:8
BRH:8
end_of_record
TN:
SF:src/core/components/CcListItem.tsx
FN:30,CcListItem
FN:50,(anonymous_1)
FNF:2
FNH:2
FNDA:61,CcListItem
FNDA:61,(anonymous_1)
DA:40,61
DA:41,61
DA:43,61
DA:50,61
DA:66,18
LF:5
LH:5
BRDA:33,0,0,41
BRDA:41,1,0,61
BRDA:41,1,1,51
BRDA:47,2,0,61
BRDA:47,2,1,0
BRDA:48,3,0,60
BRDA:48,3,1,1
BRDA:50,4,0,0
BRDA:50,4,1,61
BRDA:50,5,0,61
BRDA:50,5,1,0
BRDA:55,6,0,60
BRDA:55,6,1,1
BRDA:61,7,0,61
BRDA:61,7,1,61
BRDA:61,8,0,61
BRDA:61,8,1,0
BRF:17
BRH:13
end_of_record
TN:
SF:src/core/components/CcTextField.tsx
FN:48,CcTextField
FN:73,(anonymous_1)
FNF:2
FNH:2
FNDA:598,CcTextField
FNDA:207,(anonymous_1)
DA:64,598
DA:65,598
DA:66,598
DA:69,598
DA:70,598
DA:73,598
DA:74,207
DA:75,14
DA:79,598
DA:82,598
DA:116,598
DA:144,18
LF:12
LH:12
BRDA:58,0,0,515
BRDA:60,1,0,598
BRDA:61,2,0,192
BRDA:65,3,0,41
BRDA:65,3,1,557
BRDA:66,4,0,41
BRDA:66,4,1,557
BRDA:69,5,0,194
BRDA:69,5,1,404
BRDA:69,6,0,37
BRDA:69,6,1,367
BRDA:74,7,0,193
BRDA:74,7,1,14
BRDA:74,8,0,207
BRDA:74,8,1,60
BRDA:79,9,0,598
BRDA:79,9,1,83
BRDA:86,10,0,83
BRDA:86,10,1,515
BRDA:90,11,0,0
BRDA:90,11,1,598
BRDA:100,12,0,83
BRDA:100,12,1,515
BRDA:103,13,0,11
BRDA:103,13,1,587
BRDA:104,14,0,11
BRDA:104,14,1,587
BRDA:110,15,0,83
BRDA:110,15,1,515
BRDA:120,16,0,83
BRDA:120,16,1,515
BRDA:132,17,0,41
BRDA:132,17,1,557
BRF:33
BRH:32
end_of_record
TN:
SF:src/core/components/ChoiceGroup.tsx
FN:34,ChoiceGroup
FN:51,(anonymous_1)
FN:57,(anonymous_2)
FN:61,(anonymous_3)
FNF:4
FNH:4
FNDA:38,ChoiceGroup
FNDA:102,(anonymous_1)
FNDA:3,(anonymous_2)
FNDA:102,(anonymous_3)
DA:42,38
DA:43,38
DA:52,102
DA:53,102
DA:54,102
DA:57,3
DA:61,102
DA:87,18
LF:8
LH:8
BRDA:39,0,0,26
BRDA:53,1,0,36
BRDA:53,1,1,66
BRDA:60,2,0,102
BRDA:60,2,1,66
BRDA:65,3,0,38
BRDA:65,3,1,64
BRDA:66,4,0,38
BRDA:66,4,1,64
BRDA:67,5,0,38
BRDA:67,5,1,64
BRDA:69,6,0,0
BRDA:69,6,1,102
BRDA:74,7,0,38
BRDA:74,7,1,64
BRF:15
BRH:14
end_of_record
TN:
SF:src/core/components/DoseCard.tsx
FN:27,DoseCard
FN:52,(anonymous_1)
FNF:2
FNH:2
FNDA:15,DoseCard
FNDA:15,(anonymous_1)
DA:36,15
DA:37,15
DA:52,15
DA:67,18
LF:4
LH:4
BRDA:33,0,0,15
BRDA:43,1,0,8
BRDA:43,1,1,7
BRDA:55,2,0,15
BRDA:55,2,1,0
BRDA:56,3,0,0
BRDA:56,3,1,15
BRDA:56,4,0,0
BRDA:56,4,1,15
BRDA:58,5,0,15
BRDA:58,5,1,0
BRF:11
BRH:7
end_of_record
TN:
SF:src/core/components/EmptyState.tsx
FN:20,EmptyState
FNF:1
FNH:1
FNDA:5,EmptyState
DA:21,5
DA:22,5
DA:33,18
LF:3
LH:3
BRDA:28,0,0,5
BRDA:28,0,1,0
BRF:2
BRH:1
end_of_record
TN:
SF:src/core/components/OrientationBar.tsx
FN:24,OrientationBar
FNF:1
FNH:1
FNDA:10,OrientationBar
DA:25,10
DA:26,10
DA:28,10
DA:41,18
LF:4
LH:4
BRF:0
BRH:0
end_of_record
TN:
SF:src/core/components/Responsive.tsx
FN:14,useIsWideLayout
FN:34,ResponsiveBody
FN:73,ResponsiveCardGrid
FN:81,(anonymous_3)
FNF:4
FNH:4
FNDA:92,useIsWideLayout
FNDA:89,ResponsiveBody
FNDA:3,ResponsiveCardGrid
FNDA:12,(anonymous_3)
DA:15,92
DA:16,92
DA:40,89
DA:41,89
DA:42,89
DA:45,89
DA:58,89
DA:74,3
DA:75,3
DA:76,0
DA:78,3
DA:79,3
DA:82,12
LF:13
LH:12
BRDA:37,0,0,89
BRDA:38,1,0,89
BRDA:42,2,0,89
BRDA:42,2,1,26
BRDA:45,3,0,63
BRDA:45,3,1,26
BRDA:45,4,0,89
BRDA:45,4,1,89
BRDA:75,5,0,0
BRDA:75,5,1,3
BRF:10
BRH:9
end_of_record
TN:
SF:src/core/components/SectionHeading.tsx
FN:23,SectionHeading
FNF:1
FNH:1
FNDA:125,SectionHeading
DA:24,125
DA:25,125
DA:32,125
LF:3
LH:3
BRDA:23,0,0,29
BRDA:35,1,0,0
BRDA:35,1,1,125
BRF:3
BRH:2
end_of_record
TN:
SF:src/core/components/StatusChip.tsx
FN:20,StatusChip
FN:34,DoseStatusChip
FNF:2
FNH:2
FNDA:43,StatusChip
FNDA:41,DoseStatusChip
DA:21,43
DA:22,43
DA:23,43
DA:35,41
DA:36,41
DA:45,18
LF:6
LH:6
BRDA:24,0,0,43
BRDA:24,0,1,1
BRF:2
BRH:2
end_of_record
TN:
SF:src/core/components/StepIndicator.tsx
FN:24,StepIndicator
FNF:1
FNH:1
FNDA:296,StepIndicator
DA:25,296
DA:26,296
DA:27,296
DA:29,296
DA:51,18
LF:5
LH:5
BRDA:36,0,0,295
BRDA:36,0,1,1
BRF:2
BRH:2
end_of_record
TN:
SF:src/core/components/UndoSnackbar.tsx
FN:37,(anonymous_0)
FN:44,(anonymous_1)
FN:47,clearDismissTimer
FN:54,present
FN:74,(anonymous_4)
FN:100,showUndoSnackbar
FN:112,(anonymous_6)
FN:114,(anonymous_7)
FN:126,showConfirmationSnackbar
FN:140,SnackbarHost
FN:147,(anonymous_10)
FN:155,(anonymous_11)
FNF:12
FNH:12
FNDA:19,(anonymous_0)
FNDA:9,(anonymous_1)
FNDA:39,clearDismissTimer
FNDA:33,present
FNDA:5,(anonymous_4)
FNDA:16,showUndoSnackbar
FNDA:5,(anonymous_6)
FNDA:5,(anonymous_7)
FNDA:15,showConfirmationSnackbar
FNDA:191,SnackbarHost
FNDA:190,(anonymous_10)
FNDA:1,(anonymous_11)
DA:13,19
DA:16,19
DA:29,19
DA:30,19
DA:37,19
DA:44,9
DA:48,39
DA:49,12
DA:50,12
DA:63,33
DA:64,33
DA:65,33
DA:73,33
DA:74,17
DA:75,5
DA:109,16
DA:113,5
DA:114,5
DA:115,5
DA:116,2
DA:117,2
DA:119,3
DA:127,15
DA:141,191
DA:142,191
DA:143,191
DA:147,191
DA:148,190
DA:149,82
DA:153,191
DA:155,83
DA:156,1
DA:157,1
DA:160,83
DA:199,19
LF:35
LH:35
BRDA:48,0,0,12
BRDA:48,0,1,27
BRDA:56,1,0,0
BRDA:70,2,0,33
BRDA:70,2,1,15
BRDA:73,3,0,17
BRDA:73,3,1,16
BRDA:103,4,0,15
BRDA:115,5,0,2
BRDA:115,5,1,3
BRDA:143,6,0,191
BRDA:143,6,1,28
BRDA:148,7,0,108
BRDA:148,7,1,82
BRDA:149,8,0,23
BRDA:149,8,1,59
BRDA:153,9,0,108
BRDA:153,9,1,83
BRDA:171,10,0,24
BRDA:171,10,1,59
BRDA:182,11,0,26
BRDA:182,11,1,57
BRF:22
BRH:21
end_of_record
TN:
SF:src/core/components/doseStatus.ts
FN:28,statusToneIcon
FN:32,statusToneColor
FN:61,doseStatusPresentation
FN:106,doseStatusChipText
FNF:4
FNH:4
FNDA:43,statusToneIcon
FNDA:94,statusToneColor
FNDA:81,doseStatusPresentation
FNDA:61,doseStatusChipText
DA:18,18
DA:29,43
DA:33,94
DA:35,36
DA:38,9
DA:41,9
DA:43,9
DA:45,31
DA:62,81
DA:64,59
DA:65,13
DA:66,13
DA:73,46
DA:75,46
DA:78,46
DA:86,8
DA:87,8
DA:90,14
DA:91,14
DA:99,0
DA:100,0
DA:107,61
LF:22
LH:20
BRDA:33,0,0,36
BRDA:33,0,1,9
BRDA:33,0,2,9
BRDA:33,0,3,9
BRDA:33,0,4,9
BRDA:33,0,5,9
BRDA:33,0,6,31
BRDA:62,1,0,59
BRDA:62,1,1,8
BRDA:62,1,2,14
BRDA:62,1,3,0
BRDA:64,2,0,13
BRDA:64,2,1,46
BRDA:75,3,0,20
BRDA:75,3,1,26
BRDA:86,4,0,8
BRDA:86,4,1,0
BRDA:90,5,0,14
BRDA:90,5,1,0
BRF:19
BRH:16
end_of_record
TN:
SF:src/core/components/index.ts
FNF:0
FNH:0
LF:0
LH:0
BRF:0
BRH:0
end_of_record
TN:
SF:src/core/theme/ThemeContext.tsx
FN:28,buildTheme
FN:47,ThemeProvider
FN:49,(anonymous_2)
FN:55,(anonymous_3)
FN:60,useTheme
FNF:5
FNH:5
FNDA:144,buildTheme
FNDA:148,ThemeProvider
FNDA:451,(anonymous_2)
FNDA:144,(anonymous_3)
FNDA:2417,useTheme
DA:29,144
DA:30,144
DA:31,144
DA:32,144
DA:33,144
DA:45,18
DA:48,148
DA:49,451
DA:50,148
DA:53,148
DA:55,148
DA:57,148
DA:61,2417
DA:62,2417
DA:63,0
DA:65,2417
LF:16
LH:15
BRDA:30,0,0,1
BRDA:30,0,1,143
BRDA:31,1,0,4
BRDA:31,1,1,140
BRDA:32,2,0,1
BRDA:32,2,1,143
BRDA:53,3,0,147
BRDA:53,3,1,1
BRDA:53,4,0,0
BRDA:53,4,1,147
BRDA:62,5,0,0
BRDA:62,5,1,2417
BRF:12
BRH:10
end_of_record
TN:
SF:src/core/theme/colors.ts
FNF:0
FNH:0
DA:13,18
DA:76,18
DA:92,18
LF:3
LH:3
BRF:0
BRH:0
end_of_record
TN:
SF:src/core/theme/spacing.ts
FNF:0
FNH:0
DA:6,19
DA:14,19
DA:28,19
DA:43,19
LF:4
LH:4
BRF:0
BRH:0
end_of_record
TN:
SF:src/core/theme/typography.ts
FN:29,bodyEmphasis
FN:65,buildTextTheme
FNF:2
FNH:2
FNDA:1450,bodyEmphasis
FNDA:144,buildTextTheme
DA:16,18
DA:30,1450
DA:66,144
LF:3
LH:3
BRF:0
BRH:0
end_of_record
TN:
SF:src/core/utils/announce.ts
FN:20,announceAfterDelay
FN:21,(anonymous_1)
FN:22,(anonymous_2)
FN:25,(anonymous_3)
FNF:4
FNH:3
FNDA:3,announceAfterDelay
FNDA:0,(anonymous_1)
FNDA:1,(anonymous_2)
FNDA:1,(anonymous_3)
DA:12,20
DA:21,3
DA:22,2
DA:23,1
DA:25,2
LF:5
LH:5
BRDA:21,0,0,1
BRDA:21,0,1,2
BRF:2
BRH:2
end_of_record
TN:
SF:src/core/utils/clock.ts
FN:16,(anonymous_0)
FN:23,(anonymous_1)
FN:26,(anonymous_2)
FN:30,(anonymous_3)
FNF:4
FNH:4
FNDA:31,(anonymous_0)
FNDA:135,(anonymous_1)
FNDA:3,(anonymous_2)
FNDA:137,(anonymous_3)
DA:17,31
DA:27,3
DA:31,137
DA:39,23
LF:4
LH:4
BRDA:26,0,0,0
BRDA:26,1,0,0
BRDA:26,2,0,0
BRDA:26,3,0,0
BRF:4
BRH:0
end_of_record
TN:
SF:src/core/utils/contrast.ts
FN:15,parseHexColor
FN:20,(anonymous_1)
FN:32,linearise
FN:37,relativeLuminance
FN:43,contrastRatio
FN:58,meetsAa
FNF:6
FNH:6
FNDA:34,parseHexColor
FNDA:3,(anonymous_1)
FNDA:90,linearise
FNDA:30,relativeLuminance
FNDA:14,contrastRatio
FNDA:9,meetsAa
DA:16,34
DA:17,34
DA:18,1
DA:20,3
DA:23,34
DA:24,1
DA:26,33
DA:27,33
DA:28,33
DA:29,33
DA:33,90
DA:38,30
DA:39,30
DA:44,14
DA:45,14
DA:46,14
DA:47,14
DA:48,14
DA:63,9
DA:64,9
LF:20
LH:20
BRDA:17,0,0,1
BRDA:17,0,1,33
BRDA:23,1,0,1
BRDA:23,1,1,33
BRDA:33,2,0,7
BRDA:33,2,1,83
BRDA:61,3,0,3
BRDA:64,4,0,6
BRDA:64,4,1,3
BRF:9
BRH:9
end_of_record
TN:
SF:src/core/utils/dateFormatting.ts
FN:46,fullWordDate
FN:51,clockTime
FN:61,dateAndTime
FN:66,dayHeading
FN:71,parseLocalTime
FN:92,toLocalTime
FN:99,localTimeLabel
FN:105,combine
FN:110,startOfDay
FN:114,isSameDay
FN:132,describeDuration
FN:156,dueLabel
FN:168,nextSentence
FNF:13
FNH:13
FNDA:127,fullWordDate
FNDA:256,clockTime
FNDA:93,dateAndTime
FNDA:13,dayHeading
FNDA:174,parseLocalTime
FNDA:4,toLocalTime
FNDA:23,localTimeLabel
FNDA:142,combine
FNDA:211,startOfDay
FNDA:1189,isSameDay
FNDA:100,describeDuration
FNDA:62,dueLabel
FNDA:12,nextSentence
DA:15,26
DA:25,26
DA:47,127
DA:52,256
DA:53,256
DA:54,256
DA:55,256
DA:56,256
DA:57,256
DA:62,93
DA:67,13
DA:72,174
DA:73,174
DA:74,2
DA:76,172
DA:77,172
DA:78,172
DA:86,2
DA:88,170
DA:93,4
DA:94,4
DA:95,4
DA:100,23
DA:101,23
DA:106,142
DA:111,211
DA:115,1189
DA:122,26
DA:123,26
DA:124,26
DA:133,100
DA:134,100
DA:135,2
DA:137,98
DA:138,94
DA:139,94
DA:141,4
DA:142,4
DA:143,2
DA:145,2
DA:146,2
DA:157,62
DA:158,62
DA:159,14
DA:161,48
DA:162,21
DA:164,27
DA:169,12
DA:170,12
DA:171,1
DA:173,11
DA:174,2
DA:176,9
LF:53
LH:53
BRDA:54,0,0,177
BRDA:54,0,1,79
BRDA:56,1,0,2
BRDA:56,1,1,254
BRDA:73,2,0,2
BRDA:73,2,1,172
BRDA:78,3,0,2
BRDA:78,3,1,170
BRDA:79,4,0,172
BRDA:79,4,1,172
BRDA:79,4,2,172
BRDA:79,4,3,172
BRDA:79,4,4,171
BRDA:79,4,5,171
BRDA:116,5,0,1189
BRDA:116,5,1,1189
BRDA:116,5,2,1174
BRDA:132,6,0,56
BRDA:134,7,0,2
BRDA:134,7,1,98
BRDA:135,8,0,1
BRDA:135,8,1,1
BRDA:137,9,0,94
BRDA:137,9,1,4
BRDA:138,10,0,43
BRDA:138,10,1,51
BRDA:138,11,0,1
BRDA:138,11,1,50
BRDA:142,12,0,2
BRDA:142,12,1,2
BRDA:143,13,0,1
BRDA:143,13,1,1
BRDA:146,14,0,1
BRDA:146,14,1,1
BRDA:158,15,0,14
BRDA:158,15,1,48
BRDA:161,16,0,21
BRDA:161,16,1,27
BRDA:170,17,0,1
BRDA:170,17,1,11
BRDA:173,18,0,2
BRDA:173,18,1,9
BRF:42
BRH:42
end_of_record
TN:
SF:src/core/utils/ids.ts
FN:13,(anonymous_0)
FN:13,(anonymous_1)
FN:17,(anonymous_2)
FNF:3
FNH:3
FNDA:36,(anonymous_0)
FNDA:30,(anonymous_1)
FNDA:58,(anonymous_2)
DA:10,36
DA:13,30
DA:14,36
DA:18,58
DA:19,58
LF:5
LH:5
BRDA:13,0,0,18
BRF:1
BRH:1
end_of_record
TN:
SF:src/core/utils/useFieldErrorAnnouncements.ts
FN:22,useFieldErrorAnnouncements
FN:24,(anonymous_1)
FN:26,(anonymous_2)
FN:27,(anonymous_3)
FN:28,(anonymous_4)
FN:31,(anonymous_5)
FNF:6
FNH:6
FNDA:306,useFieldErrorAnnouncements
FNDA:612,(anonymous_1)
FNDA:74,(anonymous_2)
FNDA:148,(anonymous_3)
FNDA:148,(anonymous_4)
FNDA:18,(anonymous_5)
DA:23,306
DA:24,612
DA:26,306
DA:27,148
DA:28,148
DA:29,74
DA:30,10
DA:31,18
LF:8
LH:8
BRDA:24,0,0,612
BRDA:24,0,1,590
BRDA:27,1,0,148
BRDA:27,1,1,21
BRDA:29,2,0,64
BRDA:29,2,1,10
BRF:6
BRH:6
end_of_record
TN:
SF:src/data/announcements.ts
FN:20,fieldErrorAnnouncement
FN:28,fieldErrorsAnnouncement
FN:33,snackbarAnnouncement
FNF:3
FNH:3
FNDA:45,fieldErrorAnnouncement
FNDA:14,fieldErrorsAnnouncement
FNDA:86,snackbarAnnouncement
DA:10,20
DA:17,20
DA:21,45
DA:29,14
DA:34,86
LF:5
LH:5
BRDA:29,0,0,3
BRDA:29,0,1,11
BRDA:34,1,0,25
BRDA:34,1,1,61
BRF:4
BRH:4
end_of_record
TN:
SF:src/data/localStore.ts
FN:22,readJson
FN:48,readAs
FN:64,writeJson
FN:68,remove
FN:72,contains
FNF:5
FNH:5
FNDA:29,readJson
FNDA:25,readAs
FNDA:91,writeJson
FNDA:103,remove
FNDA:8,contains
DA:13,25
DA:23,29
DA:24,29
DA:25,9
DA:26,9
DA:27,8
DA:32,1
DA:53,25
DA:54,25
DA:55,6
DA:56,6
DA:59,2
DA:60,2
DA:65,91
DA:69,103
DA:73,8
DA:74,8
LF:17
LH:17
BRDA:24,0,0,20
BRDA:24,0,1,9
BRDA:24,1,0,29
BRDA:24,1,1,9
BRDA:27,2,0,7
BRDA:27,2,1,1
BRDA:27,3,0,8
BRDA:27,3,1,8
BRDA:27,3,2,8
BRDA:54,4,0,19
BRDA:54,4,1,6
BRF:11
BRH:11
end_of_record
TN:
SF:src/data/mockData.ts
FN:84,at
FN:88,addDays
FN:93,seedCareData
FNF:3
FNH:3
FNDA:4239,at
FNDA:471,addDays
FNDA:157,seedCareData
DA:27,19
DA:28,19
DA:30,19
DA:38,19
DA:47,19
DA:85,4239
DA:89,471
DA:94,157
DA:95,157
DA:97,157
DA:169,157
DA:196,157
DA:241,157
LF:13
LH:13
BRF:0
BRH:0
end_of_record
TN:
SF:src/data/settingsFixtures.ts
FNF:0
FNH:0
DA:10,4
DA:12,4
DA:13,4
DA:15,4
LF:4
LH:4
BRF:0
BRH:0
end_of_record
TN:
SF:src/models/domain.ts
FN:19,medicationDisplayName
FN:28,appointmentCompanionLabel
FN:36,appointmentSummaryLine
FN:42,doseIsDue
FN:47,doseIsOverdue
FN:53,activeMedications
FN:54,(anonymous_6)
FN:57,medicationById
FN:58,(anonymous_8)
FN:61,doseById
FN:62,(anonymous_10)
FN:65,appointmentById
FN:66,(anonymous_12)
FN:71,medicationDraftIsEditing
FN:75,medicationDraftIsEmpty
FN:86,appointmentDraftIsEditing
FN:90,appointmentDraftIsEmpty
FNF:17
FNH:17
FNDA:82,medicationDisplayName
FNDA:25,appointmentCompanionLabel
FNDA:22,appointmentSummaryLine
FNDA:407,doseIsDue
FNDA:152,doseIsOverdue
FNDA:130,activeMedications
FNDA:518,(anonymous_6)
FNDA:49,medicationById
FNDA:88,(anonymous_8)
FNDA:23,doseById
FNDA:208,(anonymous_10)
FNDA:7,appointmentById
FNDA:14,(anonymous_12)
FNDA:13,medicationDraftIsEditing
FNDA:12,medicationDraftIsEmpty
FNDA:32,appointmentDraftIsEditing
FNDA:32,appointmentDraftIsEmpty
DA:20,82
DA:29,25
DA:30,25
DA:37,22
DA:43,407
DA:48,152
DA:54,518
DA:58,88
DA:62,208
DA:66,14
DA:72,13
DA:76,12
DA:87,32
DA:91,32
LF:14
LH:14
BRDA:20,0,0,1
BRDA:20,0,1,81
BRDA:30,1,0,9
BRDA:30,1,1,16
BRDA:30,2,0,25
BRDA:30,2,1,17
BRDA:30,2,2,17
BRDA:48,3,0,152
BRDA:48,3,1,114
BRDA:77,4,0,12
BRDA:77,4,1,12
BRDA:77,4,2,11
BRDA:77,4,3,10
BRDA:77,4,4,10
BRDA:77,4,5,10
BRDA:92,5,0,32
BRDA:92,5,1,32
BRDA:92,5,2,32
BRDA:92,5,3,31
BRDA:92,5,4,31
BRDA:92,5,5,31
BRF:21
BRH:21
end_of_record
TN:
SF:src/models/serialization.ts
FN:31,patientFromJson
FN:41,patientToJson
FN:45,caregiverFromJson
FN:56,caregiverToJson
FN:62,sessionFromJson
FN:71,sessionToJson
FN:82,medicationFromJson
FN:94,medicationToJson
FN:100,doseEventFromJson
FN:115,doseEventToJson
FN:127,appointmentFromJson
FN:139,appointmentToJson
FN:153,activityEntryFromJson
FN:162,activityEntryToJson
FN:173,careDataFromJson
FN:185,careDataToJson
FN:199,notificationSettingsFromJson
FN:208,notificationSettingsToJson
FN:214,defaultNotificationSettings
FN:220,themeModeFromStorage
FN:224,appSettingsFromJson
FN:232,appSettingsToJson
FN:236,defaultAppSettings
FN:242,medicationDraftFromJson
FN:253,medicationDraftToJson
FN:264,appointmentDraftFromJson
FN:275,appointmentDraftToJson
FNF:27
FNH:27
FNDA:8,patientFromJson
FNDA:47,patientToJson
FNDA:7,caregiverFromJson
FNDA:47,caregiverToJson
FNDA:6,sessionFromJson
FNDA:10,sessionToJson
FNDA:21,medicationFromJson
FNDA:184,medicationToJson
FNDA:52,doseEventFromJson
FNDA:469,doseEventToJson
FNDA:16,appointmentFromJson
FNDA:142,appointmentToJson
FNDA:40,activityEntryFromJson
FNDA:351,activityEntryToJson
FNDA:5,careDataFromJson
FNDA:46,careDataToJson
FNDA:8,notificationSettingsFromJson
FNDA:9,notificationSettingsToJson
FNDA:31,defaultNotificationSettings
FNDA:9,themeModeFromStorage
FNDA:9,appSettingsFromJson
FNDA:15,appSettingsToJson
FNDA:77,defaultAppSettings
FNDA:4,medicationDraftFromJson
FNDA:9,medicationDraftToJson
FNDA:4,appointmentDraftFromJson
FNDA:18,appointmentDraftToJson
DA:32,8
DA:42,47
DA:46,7
DA:57,47
DA:63,6
DA:72,10
DA:83,21
DA:95,184
DA:101,52
DA:116,469
DA:128,16
DA:140,142
DA:154,40
DA:163,351
DA:174,5
DA:186,46
DA:202,8
DA:211,9
DA:215,31
DA:221,9
DA:225,9
DA:233,15
DA:237,77
DA:243,4
DA:254,9
DA:265,4
DA:276,18
LF:27
LH:27
BRDA:37,0,0,8
BRDA:37,0,1,2
BRDA:67,1,0,6
BRDA:67,1,1,3
BRDA:76,2,0,10
BRDA:76,2,1,6
BRDA:89,3,0,21
BRDA:89,3,1,11
BRDA:90,4,0,21
BRDA:90,4,1,2
BRDA:106,5,0,33
BRDA:106,5,1,19
BRDA:121,6,0,329
BRDA:121,6,1,140
BRDA:134,7,0,16
BRDA:134,7,1,5
BRDA:135,8,0,16
BRDA:135,8,1,10
BRDA:146,9,0,142
BRDA:146,9,1,52
BRDA:147,10,0,142
BRDA:147,10,1,97
BRDA:203,11,0,8
BRDA:203,11,1,2
BRDA:221,12,0,4
BRDA:221,12,1,5
BRDA:221,13,0,9
BRDA:221,13,1,7
BRDA:227,14,0,9
BRDA:227,14,1,2
BRDA:228,15,0,9
BRDA:228,15,1,2
BRDA:244,16,0,4
BRDA:244,16,1,2
BRDA:245,17,0,4
BRDA:245,17,1,1
BRDA:246,18,0,4
BRDA:246,18,1,1
BRDA:247,19,0,4
BRDA:247,19,1,1
BRDA:248,20,0,4
BRDA:248,20,1,1
BRDA:249,21,0,4
BRDA:249,21,1,1
BRDA:255,22,0,9
BRDA:255,22,1,6
BRDA:266,23,0,4
BRDA:266,23,1,2
BRDA:267,24,0,4
BRDA:267,24,1,1
BRDA:268,25,0,4
BRDA:268,25,1,1
BRDA:269,26,0,4
BRDA:269,26,1,1
BRDA:270,27,0,2
BRDA:270,27,1,2
BRDA:271,28,0,4
BRDA:271,28,1,1
BRDA:277,29,0,18
BRDA:277,29,1,3
BRDA:281,30,0,15
BRDA:281,30,1,3
BRF:62
BRH:62
end_of_record
TN:
SF:src/models/types.ts
FN:15,roleLabel
FN:20,roleRoutePrefix
FN:25,roleHomeLocation
FN:29,roleFromStorage
FN:41,signInMethodFromStorage
FN:112,doseStatusLabel
FN:125,doseStatusFromStorage
FN:174,activityKindFromStorage
FN:238,reminderLeadTimeFromStorage
FN:299,emptyMedicationDraft
FN:315,emptyAppointmentDraft
FNF:11
FNH:10
FNDA:38,roleLabel
FNDA:5,roleRoutePrefix
FNDA:8,roleHomeLocation
FNDA:6,roleFromStorage
FNDA:6,signInMethodFromStorage
FNDA:0,doseStatusLabel
FNDA:52,doseStatusFromStorage
FNDA:40,activityKindFromStorage
FNDA:8,reminderLeadTimeFromStorage
FNDA:63,emptyMedicationDraft
FNDA:149,emptyAppointmentDraft
DA:16,38
DA:21,5
DA:26,8
DA:30,6
DA:42,6
DA:113,0
DA:115,0
DA:117,0
DA:119,0
DA:121,0
DA:126,52
DA:175,40
DA:176,40
DA:226,28
DA:232,28
DA:241,8
DA:260,28
DA:297,28
DA:300,63
DA:313,28
DA:316,149
LF:21
LH:16
BRDA:16,0,0,12
BRDA:16,0,1,26
BRDA:21,1,0,3
BRDA:21,1,1,2
BRDA:26,2,0,3
BRDA:26,2,1,5
BRDA:30,3,0,4
BRDA:30,3,1,2
BRDA:42,4,0,3
BRDA:42,4,1,3
BRDA:113,5,0,0
BRDA:113,5,1,0
BRDA:113,5,2,0
BRDA:113,5,3,0
BRDA:126,6,0,36
BRDA:126,6,1,16
BRDA:126,7,0,52
BRDA:126,7,1,22
BRDA:126,7,2,17
BRDA:176,8,0,38
BRDA:176,8,1,2
BRDA:176,9,0,40
BRDA:176,9,1,1
BRDA:241,10,0,4
BRDA:241,10,1,4
BRDA:241,11,0,8
BRDA:241,11,1,6
BRF:27
BRH:23
end_of_record
TN:
SF:src/navigation/CaregiverTabNavigator.tsx
FN:19,CaregiverTabNavigator
FN:35,(anonymous_1)
FN:43,(anonymous_2)
FN:45,(anonymous_3)
FN:46,(anonymous_4)
FN:58,(anonymous_5)
FN:66,(anonymous_6)
FN:68,(anonymous_7)
FN:69,(anonymous_8)
FNF:9
FNH:9
FNDA:9,CaregiverTabNavigator
FNDA:18,(anonymous_1)
FNDA:18,(anonymous_2)
FNDA:7,(anonymous_3)
FNDA:2,(anonymous_4)
FNDA:18,(anonymous_5)
FNDA:18,(anonymous_6)
FNDA:7,(anonymous_7)
FNDA:2,(anonymous_8)
DA:12,1
DA:20,9
DA:22,9
DA:35,18
DA:43,18
DA:45,7
DA:47,2
DA:48,1
DA:49,1
DA:58,18
DA:66,18
DA:68,7
DA:70,2
DA:71,1
DA:72,1
LF:15
LH:15
BRDA:47,0,0,1
BRDA:47,0,1,1
BRDA:70,1,0,1
BRDA:70,1,1,1
BRF:4
BRH:4
end_of_record
TN:
SF:src/navigation/ManageStackNavigator.tsx
FN:11,ManageStackNavigator
FNF:1
FNH:1
FNDA:3,ManageStackNavigator
DA:8,1
DA:12,3
LF:2
LH:2
BRF:0
BRH:0
end_of_record
TN:
SF:src/navigation/MedicationsStackNavigator.tsx
FN:11,MedicationsStackNavigator
FNF:1
FNH:1
FNDA:3,MedicationsStackNavigator
DA:8,1
DA:12,3
LF:2
LH:2
BRF:0
BRH:0
end_of_record
TN:
SF:src/navigation/PatientTabNavigator.tsx
FN:19,PatientTabNavigator
FN:35,(anonymous_1)
FN:43,(anonymous_2)
FN:47,(anonymous_3)
FN:48,(anonymous_4)
FN:62,(anonymous_5)
FN:70,(anonymous_6)
FN:72,(anonymous_7)
FN:73,(anonymous_8)
FNF:9
FNH:9
FNDA:11,PatientTabNavigator
FNDA:22,(anonymous_1)
FNDA:22,(anonymous_2)
FNDA:10,(anonymous_3)
FNDA:3,(anonymous_4)
FNDA:22,(anonymous_5)
FNDA:22,(anonymous_6)
FNDA:7,(anonymous_7)
FNDA:2,(anonymous_8)
DA:12,1
DA:20,11
DA:22,11
DA:35,22
DA:44,22
DA:47,10
DA:51,3
DA:52,1
DA:53,1
DA:62,22
DA:70,22
DA:72,7
DA:74,2
DA:75,1
DA:76,1
LF:15
LH:15
BRDA:51,0,0,1
BRDA:51,0,1,2
BRDA:74,1,0,1
BRDA:74,1,1,1
BRF:4
BRH:4
end_of_record
TN:
SF:src/navigation/RootNavigator.tsx
FN:82,RootNavigator
FN:83,(anonymous_1)
FNF:2
FNH:2
FNDA:9,RootNavigator
FNDA:28,(anonymous_1)
DA:14,1
DA:23,1
DA:83,28
DA:85,9
LF:4
LH:4
BRDA:87,0,0,3
BRDA:87,0,1,6
BRDA:91,1,0,2
BRDA:91,1,1,4
BRF:4
BRH:4
end_of_record
TN:
SF:src/navigation/SettingsStackNavigator.tsx
FN:19,SettingsStackNavigator
FNF:1
FNH:1
FNDA:6,SettingsStackNavigator
DA:10,1
DA:20,6
LF:2
LH:2
BRF:0
BRH:0
end_of_record
TN:
SF:src/navigation/redirects.ts
FN:21,resolveRedirect
FNF:1
FNH:1
FNDA:11,resolveRedirect
DA:19,1
DA:28,11
DA:29,3
DA:31,8
DA:32,8
DA:33,3
DA:35,5
DA:36,5
DA:37,2
DA:39,3
LF:10
LH:10
BRDA:28,0,0,3
BRDA:28,0,1,8
BRDA:29,1,0,1
BRDA:29,1,1,2
BRDA:32,2,0,3
BRDA:32,2,1,5
BRDA:32,3,0,8
BRDA:32,3,1,7
BRDA:32,3,2,6
BRDA:35,4,0,2
BRDA:35,4,1,3
BRDA:36,5,0,2
BRDA:36,5,1,3
BRF:13
BRH:13
end_of_record
TN:
SF:src/navigation/routes.ts
FNF:0
FNH:0
DA:8,1
LF:1
LH:1
BRF:0
BRH:0
end_of_record
TN:
SF:src/navigation/types.ts
FNF:0
FNH:0
LF:0
LH:0
BRF:0
BRH:0
end_of_record
TN:
SF:src/screens/appointments/AppointmentFormScreen.tsx
FN:41,AppointmentFormScreen
FN:47,(anonymous_1)
FN:48,(anonymous_2)
FN:49,(anonymous_3)
FN:50,(anonymous_4)
FN:51,(anonymous_5)
FN:52,(anonymous_6)
FN:53,(anonymous_7)
FN:54,(anonymous_8)
FN:55,(anonymous_9)
FN:64,(anonymous_10)
FN:82,(anonymous_11)
FN:99,(anonymous_12)
FN:119,(anonymous_13)
FN:121,(anonymous_14)
FN:127,(anonymous_15)
FN:150,(anonymous_16)
FN:153,(anonymous_17)
FN:159,(anonymous_18)
FN:170,(anonymous_19)
FN:172,(anonymous_20)
FN:173,(anonymous_21)
FN:183,(anonymous_22)
FN:211,(anonymous_23)
FN:213,(anonymous_24)
FN:225,(anonymous_25)
FN:227,(anonymous_26)
FN:249,(anonymous_27)
FN:249,(anonymous_28)
FN:259,(anonymous_29)
FN:274,(anonymous_30)
FN:284,(anonymous_31)
FN:302,(anonymous_32)
FN:320,(anonymous_33)
FNF:34
FNH:33
FNDA:250,AppointmentFormScreen
FNDA:897,(anonymous_1)
FNDA:897,(anonymous_2)
FNDA:897,(anonymous_3)
FNDA:897,(anonymous_4)
FNDA:897,(anonymous_5)
FNDA:897,(anonymous_6)
FNDA:754,(anonymous_7)
FNDA:754,(anonymous_8)
FNDA:754,(anonymous_9)
FNDA:47,(anonymous_10)
FNDA:0,(anonymous_11)
FNDA:44,(anonymous_12)
FNDA:4,(anonymous_13)
FNDA:2,(anonymous_14)
FNDA:6,(anonymous_15)
FNDA:44,(anonymous_16)
FNDA:25,(anonymous_17)
FNDA:5,(anonymous_18)
FNDA:2,(anonymous_19)
FNDA:2,(anonymous_20)
FNDA:2,(anonymous_21)
FNDA:17,(anonymous_22)
FNDA:26,(anonymous_23)
FNDA:26,(anonymous_24)
FNDA:22,(anonymous_25)
FNDA:22,(anonymous_26)
FNDA:4,(anonymous_27)
FNDA:4,(anonymous_28)
FNDA:14,(anonymous_29)
FNDA:8,(anonymous_30)
FNDA:6,(anonymous_31)
FNDA:241,(anonymous_32)
FNDA:41,(anonymous_33)
DA:35,3
DA:36,3
DA:42,250
DA:43,250
DA:44,250
DA:45,250
DA:47,897
DA:48,897
DA:49,897
DA:50,897
DA:51,897
DA:52,897
DA:53,754
DA:54,754
DA:55,754
DA:56,250
DA:58,250
DA:59,250
DA:60,250
DA:61,250
DA:62,250
DA:64,250
DA:65,47
DA:66,32
DA:67,15
DA:68,13
DA:74,250
DA:79,250
DA:80,5
DA:82,0
DA:94,245
DA:95,245
DA:96,245
DA:97,245
DA:99,245
DA:100,44
DA:101,44
DA:102,44
DA:103,44
DA:104,33
DA:105,6
DA:107,33
DA:108,8
DA:110,11
DA:111,5
DA:113,44
DA:114,44
DA:115,44
DA:116,44
DA:119,245
DA:120,4
DA:121,2
DA:123,2
DA:127,245
DA:128,6
DA:129,6
DA:130,3
DA:137,3
DA:138,3
DA:145,6
DA:146,6
DA:147,6
DA:150,245
DA:151,44
DA:152,31
DA:153,25
DA:154,25
DA:156,6
DA:159,245
DA:160,5
DA:161,5
DA:162,5
DA:171,2
DA:172,2
DA:174,2
DA:175,2
DA:183,245
DA:184,17
DA:185,17
DA:188,245
DA:212,26
DA:213,26
DA:226,22
DA:227,22
DA:249,4
DA:260,14
DA:261,4
DA:262,4
DA:264,10
DA:265,10
DA:275,8
DA:276,8
DA:277,6
DA:284,6
DA:285,6
DA:302,241
DA:320,41
DA:335,3
LF:98
LH:97
BRDA:56,0,0,250
BRDA:56,0,1,189
BRDA:65,1,0,32
BRDA:65,1,1,15
BRDA:67,2,0,13
BRDA:67,2,1,2
BRDA:79,3,0,5
BRDA:79,3,1,245
BRDA:79,4,0,250
BRDA:79,4,1,61
BRDA:97,5,0,193
BRDA:97,5,1,52
BRDA:103,6,0,33
BRDA:103,6,1,11
BRDA:104,7,0,6
BRDA:104,7,1,27
BRDA:107,8,0,8
BRDA:107,8,1,25
BRDA:110,9,0,5
BRDA:110,9,1,6
BRDA:116,10,0,44
BRDA:116,10,1,38
BRDA:116,10,2,36
BRDA:120,11,0,2
BRDA:120,11,1,2
BRDA:129,12,0,3
BRDA:129,12,1,3
BRDA:134,13,0,3
BRDA:134,13,1,0
BRDA:135,14,0,2
BRDA:135,14,1,1
BRDA:137,15,0,3
BRDA:137,15,1,0
BRDA:146,16,0,3
BRDA:146,16,1,3
BRDA:151,17,0,13
BRDA:151,17,1,31
BRDA:152,18,0,25
BRDA:152,18,1,6
BRDA:161,19,0,0
BRDA:161,19,1,5
BRDA:184,20,0,17
BRDA:184,20,1,15
BRDA:190,21,0,41
BRDA:190,21,1,204
BRDA:201,22,0,166
BRDA:201,22,1,79
BRDA:212,23,0,3
BRDA:212,23,1,23
BRDA:226,24,0,2
BRDA:226,24,1,20
BRDA:254,25,0,17
BRDA:254,25,1,228
BRDA:254,26,0,245
BRDA:254,26,1,17
BRDA:258,27,0,15
BRDA:258,27,1,2
BRDA:260,28,0,4
BRDA:260,28,1,10
BRDA:260,29,0,14
BRDA:260,29,1,11
BRDA:269,30,0,10
BRDA:269,30,1,235
BRDA:269,31,0,245
BRDA:269,31,1,10
BRDA:273,32,0,9
BRDA:273,32,1,1
BRDA:276,33,0,2
BRDA:276,33,1,6
BRDA:276,34,0,8
BRDA:276,34,1,6
BRDA:304,35,0,0
BRDA:304,35,1,241
BRDA:308,36,0,166
BRDA:308,36,1,79
BRDA:308,37,0,12
BRDA:308,37,1,67
BRDA:313,38,0,41
BRDA:313,38,1,204
BRDA:320,39,0,0
BRDA:320,39,1,41
BRF:81
BRH:76
end_of_record
TN:
SF:src/screens/auth/SignInScreen.tsx
FN:24,validateEmailAddress
FN:38,SignInScreen
FN:40,(anonymous_2)
FN:45,(anonymous_3)
FN:49,(anonymous_4)
FN:81,(anonymous_5)
FN:89,(anonymous_6)
FN:110,(anonymous_7)
FN:121,(anonymous_8)
FNF:9
FNH:9
FNDA:8,validateEmailAddress
FNDA:12,SignInScreen
FNDA:38,(anonymous_2)
FNDA:2,(anonymous_3)
FNDA:2,(anonymous_4)
FNDA:24,(anonymous_5)
FNDA:11,(anonymous_6)
FNDA:1,(anonymous_7)
FNDA:11,(anonymous_8)
DA:25,8
DA:26,8
DA:27,3
DA:29,5
DA:30,5
DA:31,3
DA:33,2
DA:36,2
DA:39,12
DA:40,38
DA:41,12
DA:42,12
DA:43,12
DA:45,12
DA:46,2
DA:49,12
DA:50,2
DA:51,2
DA:52,2
DA:53,1
DA:56,12
DA:81,24
DA:89,11
DA:111,1
DA:112,1
DA:121,11
DA:134,2
LF:27
LH:27
BRDA:26,0,0,3
BRDA:26,0,1,5
BRDA:30,1,0,3
BRDA:30,1,1,2
BRDA:30,2,0,5
BRDA:30,2,1,3
BRDA:30,2,2,3
BRDA:52,3,0,1
BRDA:52,3,1,1
BRDA:91,4,0,0
BRDA:91,4,1,11
BRDA:112,5,0,1
BRDA:112,5,1,0
BRDA:123,6,0,0
BRDA:123,6,1,11
BRF:15
BRH:12
end_of_record
TN:
SF:src/screens/caregiver/ActivityTimelineScreen.tsx
FN:25,ActivityTimelineScreen
FN:27,(anonymous_1)
FN:28,(anonymous_2)
FN:47,(anonymous_3)
FN:55,(anonymous_4)
FN:56,(anonymous_5)
FN:87,(anonymous_6)
FN:98,(anonymous_7)
FNF:8
FNH:8
FNDA:7,ActivityTimelineScreen
FNDA:23,(anonymous_1)
FNDA:23,(anonymous_2)
FNDA:21,(anonymous_3)
FNDA:2,(anonymous_4)
FNDA:21,(anonymous_5)
FNDA:12,(anonymous_6)
FNDA:35,(anonymous_7)
DA:19,2
DA:26,7
DA:27,23
DA:28,23
DA:29,7
DA:31,7
DA:48,21
DA:49,21
DA:55,2
DA:56,21
DA:87,12
DA:99,35
DA:111,2
LF:13
LH:13
BRDA:59,0,0,7
BRDA:59,0,1,14
BRDA:60,1,0,7
BRDA:60,1,1,14
BRDA:62,2,0,0
BRDA:62,2,1,21
BRDA:68,3,0,7
BRDA:68,3,1,14
BRDA:78,4,0,1
BRDA:78,4,1,6
BRF:10
BRH:9
end_of_record
TN:
SF:src/screens/caregiver/CaregiverDashboardScreen.tsx
FN:35,CaregiverDashboardScreen
FN:38,(anonymous_1)
FN:40,(anonymous_2)
FN:73,(anonymous_3)
FN:80,(anonymous_4)
FN:100,(anonymous_5)
FN:109,(anonymous_6)
FNF:7
FNH:7
FNDA:7,CaregiverDashboardScreen
FNDA:21,(anonymous_1)
FNDA:22,(anonymous_2)
FNDA:6,(anonymous_3)
FNDA:1,(anonymous_4)
FNDA:1,(anonymous_5)
FNDA:1,(anonymous_6)
DA:36,7
DA:37,7
DA:38,21
DA:39,7
DA:40,22
DA:41,7
DA:42,7
DA:43,7
DA:44,7
DA:46,7
DA:74,6
DA:75,6
DA:81,1
DA:100,1
DA:109,1
LF:15
LH:15
BRDA:43,0,0,1
BRDA:43,0,1,6
BRDA:44,1,0,7
BRDA:44,1,1,6
BRDA:44,1,2,6
BRDA:63,2,0,1
BRDA:63,2,1,6
BRDA:63,3,0,7
BRDA:63,3,1,1
BRDA:78,4,0,6
BRDA:78,4,1,0
BRDA:92,5,0,6
BRDA:92,5,1,1
BRDA:92,6,0,7
BRDA:92,6,1,6
BRDA:92,6,2,6
BRF:16
BRH:15
end_of_record
TN:
SF:src/screens/caregiver/ManageScreen.tsx
FN:37,ManageScreen
FN:44,(anonymous_1)
FN:45,(anonymous_2)
FN:47,(anonymous_3)
FN:67,(anonymous_4)
FN:72,(anonymous_5)
FN:80,(anonymous_6)
FN:81,(anonymous_7)
FN:94,(anonymous_8)
FN:100,(anonymous_9)
FN:108,(anonymous_10)
FN:109,(anonymous_11)
FN:125,ManageMedicationRow
FN:134,(anonymous_13)
FNF:14
FNH:14
FNDA:5,ManageScreen
FNDA:1,(anonymous_1)
FNDA:1,(anonymous_2)
FNDA:2,(anonymous_3)
FNDA:20,(anonymous_4)
FNDA:1,(anonymous_5)
FNDA:1,(anonymous_6)
FNDA:5,(anonymous_7)
FNDA:15,(anonymous_8)
FNDA:1,(anonymous_9)
FNDA:1,(anonymous_10)
FNDA:5,(anonymous_11)
FNDA:20,ManageMedicationRow
FNDA:60,(anonymous_13)
DA:38,5
DA:39,5
DA:40,5
DA:41,5
DA:42,5
DA:44,5
DA:45,5
DA:46,1
DA:47,5
DA:48,2
DA:50,5
DA:68,20
DA:72,1
DA:80,1
DA:81,5
DA:95,15
DA:100,1
DA:108,1
DA:109,5
DA:134,60
DA:135,20
DA:136,20
DA:137,20
DA:139,20
DA:144,2
LF:25
LH:25
BRDA:46,0,0,0
BRDA:46,0,1,1
BRDA:48,1,0,1
BRDA:48,1,1,1
BRDA:83,2,0,0
BRDA:83,2,1,5
BRDA:111,3,0,0
BRDA:111,3,1,5
BRDA:136,4,0,0
BRDA:136,4,1,20
BRDA:137,5,0,0
BRDA:137,5,1,20
BRF:12
BRH:7
end_of_record
TN:
SF:src/screens/medications/MedicationDetailScreen.tsx
FN:41,MedicationDetailScreen
FN:49,(anonymous_1)
FN:50,(anonymous_2)
FN:51,(anonymous_3)
FN:56,(anonymous_4)
FN:70,(anonymous_5)
FN:79,(anonymous_6)
FN:80,(anonymous_7)
FN:95,(anonymous_8)
FN:132,(anonymous_9)
FN:144,(anonymous_10)
FN:147,(anonymous_11)
FN:163,(anonymous_12)
FN:176,DoseRow
FN:178,(anonymous_14)
FN:179,(anonymous_15)
FN:181,(anonymous_16)
FN:182,(anonymous_17)
FN:186,(anonymous_18)
FN:200,(anonymous_19)
FN:201,(anonymous_20)
FNF:21
FNH:18
FNDA:9,MedicationDetailScreen
FNDA:27,(anonymous_1)
FNDA:43,(anonymous_2)
FNDA:30,(anonymous_3)
FNDA:0,(anonymous_4)
FNDA:1,(anonymous_5)
FNDA:1,(anonymous_6)
FNDA:1,(anonymous_7)
FNDA:0,(anonymous_8)
FNDA:14,(anonymous_9)
FNDA:1,(anonymous_10)
FNDA:7,(anonymous_11)
FNDA:7,(anonymous_12)
FNDA:14,DoseRow
FNDA:48,(anonymous_14)
FNDA:48,(anonymous_15)
FNDA:1,(anonymous_16)
FNDA:1,(anonymous_17)
FNDA:0,(anonymous_18)
FNDA:1,(anonymous_19)
FNDA:5,(anonymous_20)
DA:42,9
DA:43,9
DA:44,9
DA:45,9
DA:47,9
DA:48,9
DA:49,27
DA:50,43
DA:51,30
DA:53,9
DA:54,2
DA:56,0
DA:68,7
DA:70,7
DA:71,1
DA:80,1
DA:81,1
DA:82,1
DA:90,7
DA:95,0
DA:133,14
DA:145,1
DA:147,7
DA:163,7
DA:177,14
DA:178,48
DA:179,48
DA:181,14
DA:182,1
DA:183,1
DA:184,1
DA:186,0
DA:191,14
DA:200,1
DA:201,5
DA:218,2
LF:36
LH:33
BRDA:53,0,0,2
BRDA:53,0,1,7
BRDA:53,1,0,9
BRDA:53,1,1,8
BRDA:112,2,0,0
BRDA:112,2,1,7
BRDA:114,3,0,0
BRDA:114,3,1,7
BRDA:126,4,0,0
BRDA:126,4,1,7
BRDA:149,5,0,0
BRDA:149,5,1,7
BRDA:163,6,0,0
BRDA:163,6,1,7
BRDA:196,7,0,5
BRDA:196,7,1,9
BRDA:203,8,0,0
BRDA:203,8,1,5
BRF:18
BRH:12
end_of_record
TN:
SF:src/screens/medications/MedicationFormScreen.tsx
FN:46,MedicationFormScreen
FN:52,(anonymous_1)
FN:53,(anonymous_2)
FN:54,(anonymous_3)
FN:55,(anonymous_4)
FN:56,(anonymous_5)
FN:57,(anonymous_6)
FN:58,(anonymous_7)
FN:59,(anonymous_8)
FN:67,(anonymous_9)
FN:79,(anonymous_10)
FN:93,(anonymous_11)
FN:109,(anonymous_12)
FN:129,(anonymous_13)
FN:131,(anonymous_14)
FN:137,(anonymous_15)
FN:162,(anonymous_16)
FN:165,(anonymous_17)
FN:171,(anonymous_18)
FN:173,(anonymous_19)
FN:181,(anonymous_20)
FN:182,(anonymous_21)
FN:182,(anonymous_22)
FN:208,(anonymous_23)
FN:210,(anonymous_24)
FN:222,(anonymous_25)
FN:224,(anonymous_26)
FN:239,(anonymous_27)
FN:253,(anonymous_28)
FN:272,(anonymous_29)
FN:273,(anonymous_30)
FN:288,(anonymous_31)
FN:301,(anonymous_32)
FN:301,(anonymous_33)
FN:320,(anonymous_34)
FN:336,ReviewCard
FN:343,(anonymous_36)
FNF:37
FNH:34
FNDA:56,MedicationFormScreen
FNDA:200,(anonymous_1)
FNDA:200,(anonymous_2)
FNDA:200,(anonymous_3)
FNDA:200,(anonymous_4)
FNDA:200,(anonymous_5)
FNDA:200,(anonymous_6)
FNDA:167,(anonymous_7)
FNDA:167,(anonymous_8)
FNDA:12,(anonymous_9)
FNDA:16,(anonymous_10)
FNDA:0,(anonymous_11)
FNDA:14,(anonymous_12)
FNDA:1,(anonymous_13)
FNDA:1,(anonymous_14)
FNDA:1,(anonymous_15)
FNDA:14,(anonymous_16)
FNDA:6,(anonymous_17)
FNDA:2,(anonymous_18)
FNDA:2,(anonymous_19)
FNDA:2,(anonymous_20)
FNDA:2,(anonymous_21)
FNDA:2,(anonymous_22)
FNDA:6,(anonymous_23)
FNDA:6,(anonymous_24)
FNDA:5,(anonymous_25)
FNDA:5,(anonymous_26)
FNDA:3,(anonymous_27)
FNDA:2,(anonymous_28)
FNDA:2,(anonymous_29)
FNDA:15,(anonymous_30)
FNDA:2,(anonymous_31)
FNDA:0,(anonymous_32)
FNDA:0,(anonymous_33)
FNDA:53,(anonymous_34)
FNDA:1,ReviewCard
FNDA:4,(anonymous_36)
DA:39,2
DA:40,2
DA:47,56
DA:48,56
DA:49,56
DA:50,56
DA:52,200
DA:53,200
DA:54,200
DA:55,200
DA:56,200
DA:57,200
DA:58,167
DA:59,167
DA:60,56
DA:62,56
DA:63,56
DA:64,56
DA:65,56
DA:67,56
DA:68,12
DA:69,10
DA:70,2
DA:71,1
DA:79,56
DA:80,16
DA:81,3
DA:85,56
DA:90,56
DA:91,1
DA:93,0
DA:105,55
DA:106,55
DA:107,55
DA:109,55
DA:110,14
DA:111,14
DA:112,14
DA:113,14
DA:114,8
DA:115,2
DA:117,8
DA:118,3
DA:120,6
DA:121,4
DA:123,14
DA:124,14
DA:125,14
DA:126,14
DA:129,55
DA:130,1
DA:131,1
DA:133,0
DA:137,55
DA:138,1
DA:139,1
DA:140,0
DA:148,1
DA:155,1
DA:156,1
DA:159,1
DA:162,55
DA:163,14
DA:164,7
DA:165,6
DA:166,6
DA:168,1
DA:171,55
DA:172,2
DA:173,2
DA:174,2
DA:178,2
DA:181,55
DA:182,2
DA:185,55
DA:209,6
DA:210,6
DA:223,5
DA:224,5
DA:240,3
DA:253,2
DA:272,2
DA:273,15
DA:289,2
DA:290,2
DA:291,2
DA:301,0
DA:320,53
DA:341,1
DA:342,1
DA:343,1
DA:344,4
DA:349,1
DA:359,2
LF:94
LH:90
BRDA:60,0,0,56
BRDA:60,0,1,52
BRDA:68,1,0,10
BRDA:68,1,1,2
BRDA:70,2,0,1
BRDA:70,2,1,1
BRDA:80,3,0,13
BRDA:80,3,1,3
BRDA:90,4,0,1
BRDA:90,4,1,55
BRDA:90,5,0,56
BRDA:90,5,1,4
BRDA:113,6,0,8
BRDA:113,6,1,6
BRDA:114,7,0,2
BRDA:114,7,1,6
BRDA:117,8,0,3
BRDA:117,8,1,5
BRDA:120,9,0,4
BRDA:120,9,1,2
BRDA:120,10,0,6
BRDA:120,10,1,5
BRDA:126,11,0,14
BRDA:126,11,1,12
BRDA:126,11,2,11
BRDA:130,12,0,1
BRDA:130,12,1,0
BRDA:139,13,0,0
BRDA:139,13,1,1
BRDA:145,14,0,0
BRDA:145,14,1,0
BRDA:157,15,0,0
BRDA:157,15,1,1
BRDA:163,16,0,7
BRDA:163,16,1,7
BRDA:164,17,0,6
BRDA:164,17,1,1
BRDA:174,18,0,0
BRDA:174,18,1,2
BRDA:187,19,0,2
BRDA:187,19,1,53
BRDA:198,20,0,37
BRDA:198,20,1,18
BRDA:209,21,0,0
BRDA:209,21,1,6
BRDA:223,22,0,0
BRDA:223,22,1,5
BRDA:230,23,0,16
BRDA:230,23,1,39
BRDA:234,24,0,13
BRDA:234,24,1,3
BRDA:260,25,0,5
BRDA:260,25,1,11
BRDA:275,26,0,0
BRDA:275,26,1,15
BRDA:283,27,0,5
BRDA:283,27,1,11
BRDA:287,28,0,5
BRDA:287,28,1,0
BRDA:289,29,0,0
BRDA:289,29,1,2
BRDA:290,30,0,0
BRDA:290,30,1,2
BRDA:290,31,0,2
BRDA:290,31,1,2
BRDA:306,32,0,2
BRDA:306,32,1,53
BRDA:322,33,0,0
BRDA:322,33,1,53
BRDA:326,34,0,53
BRDA:326,34,1,2
BRDA:326,35,0,0
BRDA:326,35,1,2
BRDA:353,36,0,0
BRDA:353,36,1,1
BRDA:354,37,0,1
BRDA:354,37,1,0
BRF:77
BRH:61
end_of_record
TN:
SF:src/screens/medications/MedicationsScreen.tsx
FN:34,MedicationsScreen
FN:64,(anonymous_1)
FN:68,(anonymous_2)
FN:80,(anonymous_3)
FN:81,(anonymous_4)
FN:97,MedicationCard
FN:99,(anonymous_6)
FN:108,(anonymous_7)
FNF:8
FNH:8
FNDA:4,MedicationsScreen
FNDA:12,(anonymous_1)
FNDA:1,(anonymous_2)
FNDA:1,(anonymous_3)
FNDA:4,(anonymous_4)
FNDA:12,MedicationCard
FNDA:36,(anonymous_6)
FNDA:12,(anonymous_7)
DA:35,4
DA:36,4
DA:37,4
DA:38,4
DA:40,4
DA:65,12
DA:69,1
DA:80,1
DA:81,4
DA:98,12
DA:99,36
DA:100,12
DA:102,12
DA:108,12
DA:133,2
LF:15
LH:15
BRDA:55,0,0,1
BRDA:55,0,1,3
BRDA:83,1,0,0
BRDA:83,1,1,4
BRDA:111,2,0,0
BRDA:111,2,1,12
BRDA:116,3,0,12
BRDA:116,3,1,0
BRDA:121,4,0,6
BRDA:121,4,1,6
BRF:10
BRH:7
end_of_record
TN:
SF:src/screens/patient/AppointmentsScreen.tsx
FN:22,AppointmentsScreen
FN:28,(anonymous_1)
FN:55,(anonymous_2)
FN:61,(anonymous_3)
FN:70,(anonymous_4)
FN:71,(anonymous_5)
FNF:6
FNH:6
FNDA:3,AppointmentsScreen
FNDA:2,(anonymous_1)
FNDA:6,(anonymous_2)
FNDA:1,(anonymous_3)
FNDA:1,(anonymous_4)
FNDA:3,(anonymous_5)
DA:23,3
DA:24,3
DA:25,3
DA:26,3
DA:28,3
DA:29,2
DA:32,3
DA:56,6
DA:61,1
DA:70,1
DA:71,3
DA:87,2
LF:12
LH:12
BRDA:29,0,0,1
BRDA:29,0,1,1
BRDA:47,1,0,1
BRDA:47,1,1,2
BRDA:73,2,0,0
BRDA:73,2,1,3
BRF:6
BRH:5
end_of_record
TN:
SF:src/screens/patient/TodayScreen.tsx
FN:38,markDoseTaken
FN:44,(anonymous_1)
FN:48,TodayScreen
FN:51,(anonymous_3)
FN:55,(anonymous_4)
FN:63,(anonymous_5)
FN:75,(anonymous_6)
FN:84,(anonymous_7)
FN:88,(anonymous_8)
FN:115,(anonymous_9)
FNF:10
FNH:9
FNDA:3,markDoseTaken
FNDA:0,(anonymous_1)
FNDA:10,TodayScreen
FNDA:30,(anonymous_3)
FNDA:31,(anonymous_4)
FNDA:1,(anonymous_5)
FNDA:8,(anonymous_6)
FNDA:1,(anonymous_7)
FNDA:8,(anonymous_8)
FNDA:1,(anonymous_9)
DA:39,3
DA:40,3
DA:41,3
DA:42,3
DA:44,0
DA:49,10
DA:50,10
DA:51,30
DA:52,10
DA:53,10
DA:54,10
DA:55,31
DA:57,10
DA:59,10
DA:63,10
DA:64,1
DA:68,10
DA:76,8
DA:77,8
DA:78,8
DA:84,1
DA:88,8
DA:90,10
DA:115,1
LF:24
LH:23
BRDA:57,0,0,1
BRDA:57,0,1,9
BRDA:59,1,0,1
BRDA:59,1,1,9
BRDA:59,2,0,10
BRDA:59,2,1,9
BRDA:68,3,0,2
BRDA:68,3,1,8
BRDA:77,4,0,0
BRDA:77,4,1,8
BRDA:107,5,0,9
BRDA:107,5,1,1
BRDA:107,6,0,10
BRDA:107,6,1,9
BRF:14
BRH:13
end_of_record
TN:
SF:src/screens/settings/AppSettingsScreen.tsx
FN:36,AppSettingsScreen
FN:39,(anonymous_1)
FN:40,(anonymous_2)
FN:41,(anonymous_3)
FN:44,(anonymous_4)
FN:52,(anonymous_5)
FN:64,(anonymous_6)
FN:65,(anonymous_7)
FN:65,(anonymous_8)
FN:74,(anonymous_9)
FN:82,(anonymous_10)
FN:83,(anonymous_11)
FN:92,(anonymous_12)
FN:123,(anonymous_13)
FN:137,(anonymous_14)
FN:160,(anonymous_15)
FN:185,(anonymous_16)
FN:186,(anonymous_17)
FNF:18
FNH:18
FNDA:14,AppSettingsScreen
FNDA:43,(anonymous_1)
FNDA:43,(anonymous_2)
FNDA:46,(anonymous_3)
FNDA:44,(anonymous_4)
FNDA:4,(anonymous_5)
FNDA:1,(anonymous_6)
FNDA:1,(anonymous_7)
FNDA:1,(anonymous_8)
FNDA:1,(anonymous_9)
FNDA:1,(anonymous_10)
FNDA:1,(anonymous_11)
FNDA:1,(anonymous_12)
FNDA:1,(anonymous_13)
FNDA:4,(anonymous_14)
FNDA:14,(anonymous_15)
FNDA:1,(anonymous_16)
FNDA:14,(anonymous_17)
DA:28,2
DA:30,2
DA:37,14
DA:38,14
DA:39,43
DA:40,43
DA:41,46
DA:42,14
DA:43,14
DA:44,44
DA:46,14
DA:47,14
DA:48,14
DA:50,14
DA:52,14
DA:53,4
DA:54,2
DA:55,2
DA:57,2
DA:65,1
DA:66,1
DA:74,14
DA:75,1
DA:83,1
DA:90,14
DA:92,1
DA:123,1
DA:137,4
DA:160,14
DA:185,1
DA:186,14
LF:31
LH:31
BRDA:46,0,0,14
BRDA:46,0,1,1
BRDA:47,1,0,0
BRDA:47,1,1,14
BRDA:48,2,0,14
BRDA:48,2,1,14
BRDA:48,3,0,0
BRDA:48,3,1,14
BRDA:53,4,0,2
BRDA:53,4,1,2
BRDA:169,5,0,0
BRDA:169,5,1,14
BRDA:195,6,0,0
BRDA:195,6,1,14
BRF:14
BRH:10
end_of_record
TN:
SF:src/screens/settings/CaregiverAccessScreen.tsx
FN:32,CaregiverAccessScreen
FN:36,(anonymous_1)
FN:37,(anonymous_2)
FN:48,(anonymous_3)
FN:77,(anonymous_4)
FN:104,(anonymous_5)
FNF:6
FNH:6
FNDA:8,CaregiverAccessScreen
FNDA:27,(anonymous_1)
FNDA:27,(anonymous_2)
FNDA:1,(anonymous_3)
FNDA:32,(anonymous_4)
FNDA:3,(anonymous_5)
DA:25,2
DA:33,8
DA:34,8
DA:35,8
DA:36,27
DA:37,27
DA:38,8
DA:39,8
DA:43,8
DA:48,1
DA:78,32
DA:104,3
LF:12
LH:12
BRDA:39,0,0,5
BRDA:39,0,1,3
BRF:2
BRH:2
end_of_record
TN:
SF:src/screens/settings/NotificationsSettingsScreen.tsx
FN:25,NotificationsSettingsScreen
FN:28,(anonymous_1)
FN:32,(anonymous_2)
FN:41,(anonymous_3)
FN:72,(anonymous_4)
FN:73,(anonymous_5)
FNF:6
FNH:6
FNDA:12,NotificationsSettingsScreen
FNDA:40,(anonymous_1)
FNDA:1,(anonymous_2)
FNDA:3,(anonymous_3)
FNDA:1,(anonymous_4)
FNDA:36,(anonymous_5)
DA:26,12
DA:27,12
DA:28,40
DA:30,12
DA:32,1
DA:41,3
DA:72,1
DA:73,36
DA:85,2
LF:9
LH:9
BRF:0
BRH:0
end_of_record
TN:
SF:src/screens/settings/SettingsScreen.tsx
FN:20,SettingsScreen
FN:57,(anonymous_1)
FN:67,(anonymous_2)
FN:77,(anonymous_3)
FNF:4
FNH:4
FNDA:4,SettingsScreen
FNDA:1,(anonymous_1)
FNDA:1,(anonymous_2)
FNDA:1,(anonymous_3)
DA:21,4
DA:22,4
DA:23,4
DA:24,4
DA:25,4
DA:27,4
DA:57,1
DA:67,1
DA:77,1
LF:9
LH:9
BRDA:32,0,0,2
BRDA:32,0,1,2
BRDA:59,1,0,2
BRDA:59,1,1,2
BRF:4
BRH:4
end_of_record
TN:
SF:src/screens/settings/SettingsSwitchRow.tsx
FN:36,SettingsSwitchRow
FN:57,(anonymous_1)
FNF:2
FNH:2
FNDA:46,SettingsSwitchRow
FNDA:6,(anonymous_1)
DA:46,46
DA:47,46
DA:49,46
DA:57,6
LF:4
LH:4
BRDA:41,0,0,34
BRDA:47,1,0,46
BRDA:47,1,1,34
BRF:3
BRH:3
end_of_record
TN:
SF:src/state/activityFilterStore.ts
FN:15,(anonymous_0)
FN:17,(anonymous_1)
FNF:2
FNH:2
FNDA:3,(anonymous_0)
FNDA:4,(anonymous_1)
DA:15,3
DA:17,4
LF:2
LH:2
BRF:0
BRH:0
end_of_record
TN:
SF:src/state/careDataStore.ts
FN:37,setIdGenerator
FN:41,nullIfBlank
FN:46,replaceDose
FN:47,(anonymous_3)
FN:55,withDosesForDay
FN:61,(anonymous_5)
FN:117,(anonymous_6)
FN:120,now
FN:124,actor
FN:129,persist
FN:133,transition
FN:167,(anonymous_11)
FN:169,(anonymous_12)
FN:170,(anonymous_13)
FN:180,(anonymous_14)
FN:191,(anonymous_15)
FN:198,(anonymous_16)
FN:206,(anonymous_17)
FN:237,(anonymous_18)
FN:244,(anonymous_19)
FN:251,(anonymous_20)
FN:257,(anonymous_21)
FN:274,(anonymous_22)
FN:281,(anonymous_23)
FN:285,(anonymous_24)
FN:301,(anonymous_25)
FN:330,(anonymous_26)
FN:335,(anonymous_27)
FN:350,(anonymous_28)
FN:356,(anonymous_29)
FN:371,(anonymous_30)
FN:385,(anonymous_31)
FNF:32
FNH:32
FNDA:16,setIdGenerator
FNDA:10,nullIfBlank
FNDA:15,replaceDose
FNDA:150,(anonymous_3)
FNDA:28,withDosesForDay
FNDA:1163,(anonymous_5)
FNDA:17,(anonymous_6)
FNDA:31,now
FNDA:28,actor
FNDA:37,persist
FNDA:12,transition
FNDA:132,(anonymous_11)
FNDA:10,(anonymous_12)
FNDA:2,(anonymous_13)
FNDA:6,(anonymous_14)
FNDA:32,(anonymous_15)
FNDA:17,(anonymous_16)
FNDA:2,(anonymous_17)
FNDA:2,(anonymous_18)
FNDA:2,(anonymous_19)
FNDA:10,(anonymous_20)
FNDA:8,(anonymous_21)
FNDA:2,(anonymous_22)
FNDA:8,(anonymous_23)
FNDA:20,(anonymous_24)
FNDA:4,(anonymous_25)
FNDA:4,(anonymous_26)
FNDA:13,(anonymous_27)
FNDA:3,(anonymous_28)
FNDA:10,(anonymous_29)
FNDA:3,(anonymous_30)
FNDA:263,(anonymous_31)
DA:34,17
DA:38,16
DA:42,10
DA:43,10
DA:47,150
DA:56,28
DA:57,28
DA:58,114
DA:59,141
DA:60,141
DA:61,1163
DA:63,141
DA:64,18
DA:73,28
DA:74,6
DA:115,17
DA:117,17
DA:118,17
DA:121,31
DA:125,28
DA:126,28
DA:130,37
DA:134,12
DA:135,12
DA:136,12
DA:137,11
DA:138,11
DA:140,11
DA:141,11
DA:146,11
DA:147,11
DA:153,11
DA:155,11
DA:160,11
DA:161,11
DA:164,17
DA:167,132
DA:169,10
DA:170,2
DA:181,6
DA:182,6
DA:183,6
DA:184,6
DA:185,6
DA:187,4
DA:188,4
DA:191,32
DA:193,4
DA:194,4
DA:195,4
DA:199,17
DA:200,17
DA:201,17
DA:202,2
DA:203,2
DA:207,2
DA:208,2
DA:217,2
DA:218,2
DA:231,2
DA:232,2
DA:233,2
DA:234,2
DA:238,2
DA:239,2
DA:240,2
DA:241,2
DA:243,2
DA:244,2
DA:246,2
DA:247,2
DA:250,1
DA:252,10
DA:255,2
DA:257,8
DA:269,2
DA:270,2
DA:271,2
DA:275,2
DA:276,2
DA:277,2
DA:278,2
DA:279,2
DA:282,8
DA:285,20
DA:297,2
DA:298,2
DA:302,4
DA:303,4
DA:312,4
DA:325,4
DA:326,4
DA:327,4
DA:331,4
DA:332,4
DA:333,4
DA:335,13
DA:346,4
DA:347,4
DA:351,3
DA:352,3
DA:353,3
DA:354,3
DA:356,10
DA:367,3
DA:368,3
DA:372,3
DA:373,3
DA:374,3
DA:375,3
DA:376,3
DA:385,17
DA:386,263
DA:387,15
LF:114
LH:114
BRDA:43,0,0,8
BRDA:43,0,1,2
BRDA:43,1,0,10
BRDA:43,1,1,6
BRDA:47,2,0,15
BRDA:47,2,1,135
BRDA:61,3,0,1163
BRDA:61,3,1,363
BRDA:63,4,0,18
BRDA:63,4,1,123
BRDA:73,5,0,22
BRDA:73,5,1,6
BRDA:125,6,0,28
BRDA:125,6,1,26
BRDA:126,7,0,1
BRDA:126,7,1,27
BRDA:136,8,0,1
BRDA:136,8,1,11
BRDA:138,9,0,0
BRDA:138,9,1,11
BRDA:146,10,0,9
BRDA:146,10,1,2
BRDA:185,11,0,2
BRDA:185,11,1,4
BRDA:185,12,0,6
BRDA:185,12,1,4
BRDA:201,13,0,15
BRDA:201,13,1,2
BRDA:240,14,0,0
BRDA:240,14,1,2
BRDA:243,15,0,2
BRDA:243,15,1,1
BRDA:247,16,0,1
BRDA:247,16,1,1
BRDA:252,17,0,10
BRDA:252,17,1,4
BRDA:252,17,2,1
BRDA:257,18,0,2
BRDA:257,18,1,6
BRDA:277,19,0,0
BRDA:277,19,1,2
BRDA:282,20,0,2
BRDA:282,20,1,6
BRDA:285,21,0,20
BRDA:285,21,1,6
BRDA:332,22,0,0
BRDA:332,22,1,4
BRDA:335,23,0,4
BRDA:335,23,1,9
BRDA:353,24,0,0
BRDA:353,24,1,3
BRDA:386,25,0,15
BRDA:386,25,1,248
BRF:53
BRH:48
end_of_record
TN:
SF:src/state/clockStore.ts
FN:22,(anonymous_0)
FN:25,(anonymous_1)
FN:29,(anonymous_2)
FN:39,(anonymous_3)
FN:51,startClockTicking
FN:53,(anonymous_5)
FN:60,stopClockTicking
FNF:7
FNH:7
FNDA:23,(anonymous_0)
FNDA:133,(anonymous_1)
FNDA:155,(anonymous_2)
FNDA:62,(anonymous_3)
FNDA:8,startClockTicking
FNDA:3,(anonymous_5)
FNDA:15,stopClockTicking
DA:22,23
DA:26,133
DA:27,133
DA:30,155
DA:31,155
DA:32,155
DA:39,23
DA:40,62
DA:41,15
DA:45,23
DA:52,8
DA:53,7
DA:54,3
DA:55,3
DA:56,1
DA:61,15
DA:62,15
LF:17
LH:17
BRDA:32,0,0,12
BRDA:32,0,1,143
BRDA:40,1,0,15
BRDA:40,1,1,47
BRDA:52,2,0,1
BRDA:52,2,1,7
BRDA:55,3,0,2
BRDA:55,3,1,1
BRDA:61,4,0,7
BRDA:61,4,1,8
BRF:10
BRH:10
end_of_record
TN:
SF:src/state/draftStore.ts
FN:62,(anonymous_0)
FN:63,saveMedicationDraft
FN:68,saveAppointmentDraft
FN:79,(anonymous_3)
FN:80,(anonymous_4)
FN:82,(anonymous_5)
FN:83,(anonymous_6)
FN:85,(anonymous_7)
FN:90,(anonymous_8)
FN:96,(anonymous_9)
FN:112,(anonymous_10)
FN:119,(anonymous_11)
FN:126,(anonymous_12)
FN:127,(anonymous_13)
FN:132,(anonymous_14)
FN:137,(anonymous_15)
FN:143,(anonymous_16)
FN:159,(anonymous_17)
FN:166,(anonymous_18)
FNF:19
FNH:19
FNDA:6,(anonymous_0)
FNDA:7,saveMedicationDraft
FNDA:16,saveAppointmentDraft
FNDA:4,(anonymous_3)
FNDA:4,(anonymous_4)
FNDA:29,(anonymous_5)
FNDA:29,(anonymous_6)
FNDA:3,(anonymous_7)
FNDA:13,(anonymous_8)
FNDA:3,(anonymous_9)
FNDA:3,(anonymous_10)
FNDA:22,(anonymous_11)
FNDA:88,(anonymous_12)
FNDA:88,(anonymous_13)
FNDA:1,(anonymous_14)
FNDA:32,(anonymous_15)
FNDA:14,(anonymous_16)
FNDA:2,(anonymous_17)
FNDA:76,(anonymous_18)
DA:30,6
DA:59,6
DA:60,6
DA:62,6
DA:64,7
DA:65,7
DA:69,16
DA:70,16
DA:73,6
DA:79,4
DA:80,4
DA:83,29
DA:84,29
DA:85,29
DA:86,3
DA:91,13
DA:92,13
DA:93,11
DA:97,3
DA:98,2
DA:99,2
DA:109,2
DA:113,3
DA:114,2
DA:115,2
DA:116,2
DA:120,22
DA:121,22
DA:122,22
DA:123,22
DA:127,88
DA:131,88
DA:132,88
DA:133,1
DA:138,32
DA:139,32
DA:140,31
DA:144,14
DA:145,14
DA:146,14
DA:156,14
DA:160,2
DA:161,1
DA:162,1
DA:163,1
DA:167,76
DA:168,76
DA:169,76
DA:170,76
LF:49
LH:49
BRDA:84,0,0,20
BRDA:84,0,1,9
BRDA:92,1,0,2
BRDA:92,1,1,11
BRDA:92,2,0,13
BRDA:92,2,1,12
BRDA:97,3,0,1
BRDA:97,3,1,2
BRDA:98,4,0,1
BRDA:98,4,1,1
BRDA:106,5,0,2
BRDA:106,5,1,2
BRDA:113,6,0,1
BRDA:113,6,1,2
BRDA:120,7,0,6
BRDA:120,7,1,16
BRDA:131,8,0,56
BRDA:131,8,1,32
BRDA:139,9,0,1
BRDA:139,9,1,31
BRDA:139,10,0,32
BRDA:139,10,1,32
BRDA:144,11,0,0
BRDA:144,11,1,14
BRDA:145,12,0,3
BRDA:145,12,1,11
BRDA:153,13,0,14
BRDA:153,13,1,1
BRDA:160,14,0,1
BRDA:160,14,1,1
BRDA:167,15,0,31
BRDA:167,15,1,45
BRF:32
BRH:31
end_of_record
TN:
SF:src/state/hydrate.ts
FN:31,validateCareData
FN:66,hydrateStores
FN:69,(anonymous_2)
FN:88,(anonymous_3)
FN:89,(anonymous_4)
FNF:5
FNH:5
FNDA:2,validateCareData
FNDA:4,hydrateStores
FNDA:3,(anonymous_2)
FNDA:2,(anonymous_3)
FNDA:1,(anonymous_4)
DA:32,2
DA:33,0
DA:36,2
DA:37,5
DA:38,6
DA:42,1
DA:43,10
DA:44,0
DA:46,10
DA:47,0
DA:51,1
DA:52,3
DA:53,0
DA:57,1
DA:58,7
DA:59,0
DA:63,1
DA:68,4
DA:69,3
DA:77,4
DA:80,4
DA:81,4
DA:83,4
DA:85,4
DA:88,2
DA:90,1
DA:91,1
DA:96,4
DA:97,4
DA:98,4
DA:101,4
DA:102,4
DA:103,4
DA:104,4
DA:105,4
DA:107,4
LF:36
LH:31
BRDA:32,0,0,0
BRDA:32,0,1,2
BRDA:43,1,0,0
BRDA:43,1,1,10
BRDA:46,2,0,0
BRDA:46,2,1,10
BRDA:46,3,0,10
BRDA:46,3,1,7
BRDA:52,4,0,0
BRDA:52,4,1,3
BRDA:58,5,0,0
BRDA:58,5,1,7
BRDA:81,6,0,1
BRDA:81,6,1,3
BRDA:85,7,0,2
BRDA:85,7,1,2
BRDA:97,8,0,4
BRDA:97,8,1,0
BRDA:97,9,0,4
BRDA:97,9,1,2
BRDA:97,9,2,1
BRF:21
BRH:15
end_of_record
TN:
SF:src/state/notificationSettingsStore.ts
FN:19,(anonymous_0)
FN:22,(anonymous_1)
FN:23,(anonymous_2)
FN:27,(anonymous_3)
FN:33,persist
FNF:5
FNH:5
FNDA:4,(anonymous_0)
FNDA:4,(anonymous_1)
FNDA:4,(anonymous_2)
FNDA:2,(anonymous_3)
FNDA:6,persist
DA:19,4
DA:22,4
DA:24,4
DA:25,4
DA:28,2
DA:29,2
DA:34,6
LF:7
LH:7
BRF:0
BRH:0
end_of_record
TN:
SF:src/state/selectors.ts
FN:28,usePatient
FN:29,(anonymous_1)
FN:32,useCaregiver
FN:33,(anonymous_3)
FN:36,useActiveMedications
FN:37,(anonymous_5)
FN:41,useMedicationById
FN:42,(anonymous_7)
FN:42,(anonymous_8)
FN:45,useAppointmentById
FN:46,(anonymous_10)
FN:46,(anonymous_11)
FN:52,getTodayDoseEvents
FN:53,(anonymous_13)
FN:55,(anonymous_14)
FN:56,(anonymous_15)
FN:59,useTodayDoseEvents
FN:60,(anonymous_17)
FN:61,(anonymous_18)
FN:71,getNextActionDose
FN:76,(anonymous_20)
FN:80,useNextActionDose
FN:82,(anonymous_22)
FN:87,getLaterTodayDoses
FN:90,(anonymous_24)
FN:94,useLaterTodayDoses
FN:101,getOverdueDoses
FN:102,(anonymous_27)
FN:105,useOverdueDoses
FN:107,(anonymous_29)
FN:116,getMedicationTodayDose
FN:121,(anonymous_31)
FN:131,(anonymous_32)
FN:132,(anonymous_33)
FN:136,useMedicationTodayDose
FN:138,(anonymous_35)
FN:145,getUpcomingAppointments
FN:148,(anonymous_37)
FN:149,(anonymous_38)
FN:152,useUpcomingAppointments
FN:153,(anonymous_40)
FN:154,(anonymous_41)
FN:168,activityFilterMatches
FN:186,getActivityTimeline
FN:188,(anonymous_44)
FN:189,(anonymous_45)
FN:202,(anonymous_46)
FN:205,useActivityTimeline
FN:206,(anonymous_48)
FNF:49
FNH:48
FNDA:30,usePatient
FNDA:93,(anonymous_1)
FNDA:52,useCaregiver
FNDA:162,(anonymous_3)
FNDA:9,useActiveMedications
FNDA:27,(anonymous_5)
FNDA:65,useMedicationById
FNDA:197,(anonymous_7)
FNDA:722,(anonymous_8)
FNDA:250,useAppointmentById
FNDA:754,(anonymous_10)
FNDA:1978,(anonymous_11)
FNDA:92,getTodayDoseEvents
FNDA:367,(anonymous_13)
FNDA:919,(anonymous_14)
FNDA:366,(anonymous_15)
FNDA:85,useTodayDoseEvents
FNDA:263,(anonymous_17)
FNDA:255,(anonymous_18)
FNDA:31,getNextActionDose
FNDA:3,(anonymous_20)
FNDA:27,useNextActionDose
FNDA:81,(anonymous_22)
FNDA:12,getLaterTodayDoses
FNDA:50,(anonymous_24)
FNDA:10,useLaterTodayDoses
FNDA:8,getOverdueDoses
FNDA:40,(anonymous_27)
FNDA:7,useOverdueDoses
FNDA:21,(anonymous_29)
FNDA:37,getMedicationTodayDose
FNDA:185,(anonymous_31)
FNDA:9,(anonymous_32)
FNDA:0,(anonymous_33)
FNDA:32,useMedicationTodayDose
FNDA:96,(anonymous_35)
FNDA:9,getUpcomingAppointments
FNDA:24,(anonymous_37)
FNDA:16,(anonymous_38)
FNDA:8,useUpcomingAppointments
FNDA:24,(anonymous_40)
FNDA:24,(anonymous_41)
FNDA:62,activityFilterMatches
FNDA:9,getActivityTimeline
FNDA:56,(anonymous_44)
FNDA:69,(anonymous_45)
FNDA:8,(anonymous_46)
FNDA:7,useActivityTimeline
FNDA:21,(anonymous_48)
DA:29,93
DA:33,162
DA:37,27
DA:38,9
DA:42,722
DA:46,1978
DA:53,367
DA:54,92
DA:55,919
DA:56,366
DA:60,263
DA:61,255
DA:62,85
DA:72,31
DA:73,31
DA:74,55
DA:76,5
DA:77,5
DA:81,27
DA:82,81
DA:83,27
DA:88,12
DA:89,10
DA:90,50
DA:95,10
DA:96,10
DA:97,10
DA:102,40
DA:106,7
DA:107,21
DA:108,7
DA:121,185
DA:122,37
DA:124,36
DA:125,44
DA:127,26
DA:128,34
DA:130,9
DA:131,9
DA:132,0
DA:133,9
DA:137,32
DA:138,96
DA:139,32
DA:146,9
DA:147,9
DA:148,24
DA:149,16
DA:153,24
DA:154,24
DA:155,8
DA:162,15
DA:169,62
DA:171,37
DA:173,9
DA:175,16
DA:187,9
DA:188,56
DA:189,69
DA:191,9
DA:192,9
DA:193,44
DA:194,44
DA:195,44
DA:196,44
DA:197,28
DA:199,16
DA:202,9
DA:206,21
DA:207,7
LF:70
LH:69
BRDA:55,0,0,919
BRDA:55,0,1,916
BRDA:74,1,0,26
BRDA:74,1,1,29
BRDA:77,2,0,4
BRDA:77,2,1,1
BRDA:88,3,0,2
BRDA:88,3,1,10
BRDA:90,4,0,50
BRDA:90,4,1,29
BRDA:90,4,2,19
BRDA:122,5,0,1
BRDA:122,5,1,36
BRDA:125,6,0,10
BRDA:125,6,1,34
BRDA:128,7,0,17
BRDA:128,7,1,17
BRDA:133,8,0,0
BRDA:133,8,1,9
BRDA:169,9,0,37
BRDA:169,9,1,9
BRDA:169,9,2,16
BRDA:196,10,0,28
BRDA:196,10,1,16
BRF:24
BRH:23
end_of_record
TN:
SF:src/state/sessionStore.ts
FN:25,(anonymous_0)
FN:28,(anonymous_1)
FN:29,(anonymous_2)
FN:40,(anonymous_3)
FN:50,useCurrentRole
FN:51,(anonymous_5)
FNF:6
FNH:6
FNDA:22,(anonymous_0)
FNDA:20,(anonymous_1)
FNDA:6,(anonymous_2)
FNDA:2,(anonymous_3)
FNDA:152,useCurrentRole
FNDA:461,(anonymous_5)
DA:25,22
DA:28,20
DA:30,6
DA:31,6
DA:37,6
DA:38,6
DA:41,2
DA:42,2
DA:51,461
LF:9
LH:9
BRDA:35,0,0,2
BRDA:35,0,1,4
BRDA:35,1,0,6
BRDA:35,1,1,2
BRDA:51,2,0,461
BRDA:51,2,1,374
BRF:6
BRH:6
end_of_record
TN:
SF:src/state/settingsStore.ts
FN:20,(anonymous_0)
FN:23,(anonymous_1)
FN:24,(anonymous_2)
FN:28,(anonymous_3)
FN:32,(anonymous_4)
FN:38,persist
FNF:6
FNH:6
FNDA:23,(anonymous_0)
FNDA:4,(anonymous_1)
FNDA:2,(anonymous_2)
FNDA:5,(anonymous_3)
FNDA:4,(anonymous_4)
FNDA:11,persist
DA:20,23
DA:23,4
DA:25,2
DA:26,2
DA:29,5
DA:30,5
DA:33,4
DA:34,4
DA:39,11
LF:9
LH:9
BRF:0
BRH:0
end_of_record
